#
# There is insufficient memory for the Java Runtime Environment to continue.
# Native memory allocation (malloc) failed to allocate 226896 bytes for Chunk::new
# Possible reasons:
#   The system is out of physical RAM or swap space
#   The process is running with CompressedOops enabled, and the Java Heap may be blocking the growth of the native heap
# Possible solutions:
#   Reduce memory load on the system
#   Increase physical memory or swap space
#   Check if swap backing store is full
#   Decrease Java heap size (-Xmx/-Xms)
#   Decrease number of Java threads
#   Decrease Java thread stack sizes (-Xss)
#   Set larger code cache with -XX:ReservedCodeCacheSize=
#   JVM is running with Unscaled Compressed Oops mode in which the Java heap is
#     placed in the first 4GB address space. The Java Heap base address is the
#     maximum limit for the native heap growth. Please use -XX:HeapBaseMinAddress
#     to set the Java Heap base and to place the Java Heap above 4GB virtual address.
# This output file may be truncated or incomplete.
#
#  Out of Memory Error (arena.cpp:189), pid=13092, tid=2732
#
# JRE version: OpenJDK Runtime Environment Temurin-17.0.6+10 (17.0.6+10) (build 17.0.6+10)
# Java VM: OpenJDK 64-Bit Server VM Temurin-17.0.6+10 (17.0.6+10, mixed mode, tiered, compressed oops, compressed class ptrs, parallel gc, windows-amd64)
# No core dump will be written. Minidumps are not enabled by default on client versions of Windows
#

---------------  S U M M A R Y ------------

Command Line: --add-modules=ALL-SYSTEM --add-opens=java.base/java.util=ALL-UNNAMED --add-opens=java.base/java.lang=ALL-UNNAMED --add-opens=java.base/sun.nio.fs=ALL-UNNAMED -Declipse.application=org.eclipse.jdt.ls.core.id1 -Dosgi.bundles.defaultStartLevel=4 -Declipse.product=org.eclipse.jdt.ls.core.product -Djava.import.generatesMetadataFilesAtProjectRoot=false -Dfile.encoding=utf8 -XX:+UseParallelGC -XX:GCTimeRatio=4 -XX:AdaptiveSizePolicyWeight=90 -Dsun.zip.disableMemoryMapping=true -Xmx1G -Xms100m -Xlog:disable -javaagent:c:\Users\Hp\.vscode\extensions\redhat.java-1.16.0-win32-x64\lombok\lombok-1.18.24.jar -XX:+HeapDumpOnOutOfMemoryError -XX:HeapDumpPath=c:\Users\Hp\AppData\Roaming\Code\User\workspaceStorage\7a04cb3f9b4011d13d02e1bdd4c00f87\redhat.java c:\Users\Hp\.vscode\extensions\redhat.java-1.16.0-win32-x64\server\plugins\org.eclipse.equinox.launcher_1.6.400.v20210924-0641.jar -configuration c:\Users\Hp\AppData\Roaming\Code\User\globalStorage\redhat.java\1.16.0\config_win -data c:\Users\Hp\AppData\Roaming\Code\User\workspaceStorage\7a04cb3f9b4011d13d02e1bdd4c00f87\redhat.java\jdt_ws

Host: Intel(R) Core(TM) i5-8250U CPU @ 1.60GHz, 8 cores, 7G,  Windows 10 , 64 bit Build 19041 (10.0.19041.2788)
Time: Sun Apr 30 13:33:12 2023 RTZ 2 (s 10 , 64 bit Build 19041 (10.0.19041.2788) elapsed time: 32.378914 seconds (0d 0h 0m 32s)

---------------  T H R E A D  ---------------

Current thread (0x000002c76d56f9d0):  JavaThread "C2 CompilerThread1" daemon [_thread_in_native, id=2732, stack(0x000000d21e300000,0x000000d21e400000)]


Current CompileTask:
C2:  32379 8740 %     4       java.io.DataOutputStream::writeUTF @ 187 (411 bytes)

Stack: [0x000000d21e300000,0x000000d21e400000]
Native frames: (J=compiled Java code, j=interpreted, Vv=VM code, C=native code)
V  [jvm.dll+0x67741a]
V  [jvm.dll+0x834434]
V  [jvm.dll+0x835bde]
V  [jvm.dll+0x836243]
V  [jvm.dll+0x2457b5]
V  [jvm.dll+0xabafc]
V  [jvm.dll+0xac0cc]
V  [jvm.dll+0x363492]
V  [jvm.dll+0x32dda1]
V  [jvm.dll+0x32d24a]
V  [jvm.dll+0x2185f1]
V  [jvm.dll+0x217a11]
V  [jvm.dll+0x1a3d0d]
V  [jvm.dll+0x22742a]
V  [jvm.dll+0x225565]
V  [jvm.dll+0x7ea2cb]
V  [jvm.dll+0x7e483a]
V  [jvm.dll+0x6762c5]
C  [ucrtbase.dll+0x21bb2]
C  [KERNEL32.DLL+0x17604]
C  [ntdll.dll+0x526a1]


---------------  P R O C E S S  ---------------

Threads class SMR info:
_java_thread_list=0x000002c779b90f00, length=37, elements={
0x000002c7522b4b60, 0x000002c752367d20, 0x000002c75236a5c0, 0x000002c767c40660,
0x000002c767c662f0, 0x000002c767c67700, 0x000002c767c6ced0, 0x000002c767c71460,
0x000002c767c731d0, 0x000002c767c76290, 0x000002c767d85420, 0x000002c767f68700,
0x000002c769c77020, 0x000002c7692dd1a0, 0x000002c7692e8b30, 0x000002c76938af10,
0x000002c76a16f040, 0x000002c76a235c30, 0x000002c76a2348f0, 0x000002c76a234dc0,
0x000002c76a233f50, 0x000002c76a2335b0, 0x000002c76a233a80, 0x000002c76a2330e0,
0x000002c76a236100, 0x000002c76a235290, 0x000002c76a235760, 0x000002c76ab23250,
0x000002c76ab210a0, 0x000002c76ab258d0, 0x000002c76ab240c0, 0x000002c76ab24590,
0x000002c76ab21570, 0x000002c76ab24f30, 0x000002c76ab228b0, 0x000002c76ab25400,
0x000002c76d56f9d0
}

Java Threads: ( => current thread )
  0x000002c7522b4b60 JavaThread "main" [_thread_blocked, id=19620, stack(0x000000d21c900000,0x000000d21ca00000)]
  0x000002c752367d20 JavaThread "Reference Handler" daemon [_thread_blocked, id=14216, stack(0x000000d21cc00000,0x000000d21cd00000)]
  0x000002c75236a5c0 JavaThread "Finalizer" daemon [_thread_blocked, id=15108, stack(0x000000d21cd00000,0x000000d21ce00000)]
  0x000002c767c40660 JavaThread "Signal Dispatcher" daemon [_thread_blocked, id=11088, stack(0x000000d21ce00000,0x000000d21cf00000)]
  0x000002c767c662f0 JavaThread "Attach Listener" daemon [_thread_blocked, id=9192, stack(0x000000d21cf00000,0x000000d21d000000)]
  0x000002c767c67700 JavaThread "Service Thread" daemon [_thread_blocked, id=15292, stack(0x000000d21d000000,0x000000d21d100000)]
  0x000002c767c6ced0 JavaThread "Monitor Deflation Thread" daemon [_thread_blocked, id=8928, stack(0x000000d21d100000,0x000000d21d200000)]
  0x000002c767c71460 JavaThread "C2 CompilerThread0" daemon [_thread_in_native, id=17540, stack(0x000000d21d200000,0x000000d21d300000)]
  0x000002c767c731d0 JavaThread "C1 CompilerThread0" daemon [_thread_blocked, id=3332, stack(0x000000d21d300000,0x000000d21d400000)]
  0x000002c767c76290 JavaThread "Sweeper thread" daemon [_thread_blocked, id=14640, stack(0x000000d21d400000,0x000000d21d500000)]
  0x000002c767d85420 JavaThread "Common-Cleaner" daemon [_thread_blocked, id=17132, stack(0x000000d21d500000,0x000000d21d600000)]
  0x000002c767f68700 JavaThread "Notification Thread" daemon [_thread_blocked, id=15200, stack(0x000000d21d700000,0x000000d21d800000)]
  0x000002c769c77020 JavaThread "Active Thread: Equinox Container: 12ef74c5-4ffd-4152-b0cc-fd3fe6121ee3" [_thread_in_native, id=17860, stack(0x000000d21df00000,0x000000d21e000000)]
  0x000002c7692dd1a0 JavaThread "Framework Event Dispatcher: Equinox Container: 12ef74c5-4ffd-4152-b0cc-fd3fe6121ee3" daemon [_thread_blocked, id=8780, stack(0x000000d21d600000,0x000000d21d700000)]
  0x000002c7692e8b30 JavaThread "Start Level: Equinox Container: 12ef74c5-4ffd-4152-b0cc-fd3fe6121ee3" daemon [_thread_blocked, id=11204, stack(0x000000d21e000000,0x000000d21e100000)]
  0x000002c76938af10 JavaThread "SCR Component Actor" daemon [_thread_blocked, id=20932, stack(0x000000d21e100000,0x000000d21e200000)]
  0x000002c76a16f040 JavaThread "Worker-JM" [_thread_blocked, id=11972, stack(0x000000d21e400000,0x000000d21e500000)]
  0x000002c76a235c30 JavaThread "Worker-0" [_thread_blocked, id=20904, stack(0x000000d21e500000,0x000000d21e600000)]
  0x000002c76a2348f0 JavaThread "Worker-1" [_thread_blocked, id=9816, stack(0x000000d21e600000,0x000000d21e700000)]
  0x000002c76a234dc0 JavaThread "Bundle File Closer" daemon [_thread_blocked, id=12608, stack(0x000000d21e700000,0x000000d21e800000)]
  0x000002c76a233f50 JavaThread "Java indexing" daemon [_thread_blocked, id=7608, stack(0x000000d21e800000,0x000000d21e900000)]
  0x000002c76a2335b0 JavaThread "Worker-2" [_thread_blocked, id=21112, stack(0x000000d21ea00000,0x000000d21eb00000)]
  0x000002c76a233a80 JavaThread "Worker-3" [_thread_blocked, id=19332, stack(0x000000d21eb00000,0x000000d21ec00000)]
  0x000002c76a2330e0 JavaThread "JNA Cleaner" daemon [_thread_blocked, id=6156, stack(0x000000d21ed00000,0x000000d21ee00000)]
  0x000002c76a236100 JavaThread "pool-2-thread-1" [_thread_blocked, id=7420, stack(0x000000d21ee00000,0x000000d21ef00000)]
  0x000002c76a235290 JavaThread "pool-1-thread-1" [_thread_in_native, id=18536, stack(0x000000d21ef00000,0x000000d21f000000)]
  0x000002c76a235760 JavaThread "Worker-4" [_thread_blocked, id=5212, stack(0x000000d21ec00000,0x000000d21ed00000)]
  0x000002c76ab23250 JavaThread "Worker-5: Java indexing... " [_thread_blocked, id=4056, stack(0x000000d21f900000,0x000000d21fa00000)]
  0x000002c76ab210a0 JavaThread "Worker-6" [_thread_blocked, id=17504, stack(0x000000d21fb00000,0x000000d21fc00000)]
  0x000002c76ab258d0 JavaThread "ForkJoinPool.commonPool-worker-1" daemon [_thread_blocked, id=15624, stack(0x000000d21fc00000,0x000000d21fd00000)]
  0x000002c76ab240c0 JavaThread "ForkJoinPool.commonPool-worker-2" daemon [_thread_blocked, id=18548, stack(0x000000d21fd00000,0x000000d21fe00000)]
  0x000002c76ab24590 JavaThread "ForkJoinPool.commonPool-worker-3" daemon [_thread_blocked, id=2032, stack(0x000000d21fe00000,0x000000d21ff00000)]
  0x000002c76ab21570 JavaThread "ForkJoinPool.commonPool-worker-4" daemon [_thread_blocked, id=14684, stack(0x000000d21ff00000,0x000000d220000000)]
  0x000002c76ab24f30 JavaThread "ForkJoinPool.commonPool-worker-5" daemon [_thread_blocked, id=6736, stack(0x000000d220000000,0x000000d220100000)]
  0x000002c76ab228b0 JavaThread "ForkJoinPool.commonPool-worker-6" daemon [_thread_blocked, id=8620, stack(0x000000d220100000,0x000000d220200000)]
  0x000002c76ab25400 JavaThread "ForkJoinPool.commonPool-worker-7" daemon [_thread_blocked, id=2524, stack(0x000000d220200000,0x000000d220300000)]
=>0x000002c76d56f9d0 JavaThread "C2 CompilerThread1" daemon [_thread_in_native, id=2732, stack(0x000000d21e300000,0x000000d21e400000)]

Other Threads:
  0x000002c75233e5c0 VMThread "VM Thread" [stack: 0x000000d21cb00000,0x000000d21cc00000] [id=14448]
  0x000002c767f6c320 WatcherThread [stack: 0x000000d21d800000,0x000000d21d900000] [id=16416]
  0x000002c7522cbaf0 GCTaskThread "GC Thread#0" [stack: 0x000000d21ca00000,0x000000d21cb00000] [id=20544]
  0x000002c769c62830 GCTaskThread "GC Thread#1" [stack: 0x000000d21d900000,0x000000d21da00000] [id=12196]
  0x000002c769c62ae0 GCTaskThread "GC Thread#2" [stack: 0x000000d21da00000,0x000000d21db00000] [id=16908]
  0x000002c769c62d90 GCTaskThread "GC Thread#3" [stack: 0x000000d21db00000,0x000000d21dc00000] [id=1276]
  0x000002c769c63040 GCTaskThread "GC Thread#4" [stack: 0x000000d21dc00000,0x000000d21dd00000] [id=15588]
  0x000002c7691f75c0 GCTaskThread "GC Thread#5" [stack: 0x000000d21dd00000,0x000000d21de00000] [id=14848]
  0x000002c7691f7870 GCTaskThread "GC Thread#6" [stack: 0x000000d21de00000,0x000000d21df00000] [id=17348]
  0x000002c769368cc0 GCTaskThread "GC Thread#7" [stack: 0x000000d21e200000,0x000000d21e300000] [id=12172]

Threads with active compile tasks:
C2 CompilerThread0    33788 8768       4       java.util.AbstractMap::hashCode (45 bytes)
C2 CompilerThread1    33788 8740 %     4       java.io.DataOutputStream::writeUTF @ 187 (411 bytes)

VM state: at safepoint (normal execution)

VM Mutex/Monitor currently owned by a thread:  ([mutex/lock_event])
[0x000002c7522aeb70] Threads_lock - owner thread: 0x000002c75233e5c0
[0x000002c7522af080] Heap_lock - owner thread: 0x000002c76a233f50

Heap address: 0x00000000c0000000, size: 1024 MB, Compressed Oops mode: 32-bit

CDS archive(s) not mapped
Compressed class space mapped at: 0x0000000100000000-0x0000000140000000, reserved size: 1073741824
Narrow klass base: 0x0000000000000000, Narrow klass shift: 3, Narrow klass range: 0x140000000

GC Precious Log:
 CPUs: 8 total, 8 available
 Memory: 8048M
 Large Page Support: Disabled
 NUMA Support: Disabled
 Compressed Oops: Enabled (32-bit)
 Alignments: Space 512K, Generation 512K, Heap 2M
 Heap Min Capacity: 100M
 Heap Initial Capacity: 100M
 Heap Max Capacity: 1G
 Pre-touch: Disabled
 Parallel Workers: 8

Heap:
 PSYoungGen      total 68608K, used 38743K [0x00000000eab00000, 0x00000000f0d00000, 0x0000000100000000)
  eden space 38912K, 99% used [0x00000000eab00000,0x00000000ed0d5e80,0x00000000ed100000)
  from space 29696K, 0% used [0x00000000ed180000,0x00000000ed180000,0x00000000eee80000)
  to   space 27648K, 0% used [0x00000000ef080000,0x00000000ef080000,0x00000000f0b80000)
 ParOldGen       total 340992K, used 340912K [0x00000000c0000000, 0x00000000d4d00000, 0x00000000eab00000)
  object space 340992K, 99% used [0x00000000c0000000,0x00000000d4cec058,0x00000000d4d00000)
 Metaspace       used 67081K, committed 68096K, reserved 1114112K
  class space    used 7109K, committed 7552K, reserved 1048576K

Card table byte_map: [0x000002c751c80000,0x000002c751e90000] _byte_map_base: 0x000002c751680000

Marking Bits: (ParMarkBitMap*) 0x00007ffdc40b3e70
 Begin Bits: [0x000002c763f30000, 0x000002c764f30000)
 End Bits:   [0x000002c764f30000, 0x000002c765f30000)

Polling page: 0x000002c751a70000

Metaspace:

Usage:
  Non-class:     58.57 MB used.
      Class:      6.94 MB used.
       Both:     65.51 MB used.

Virtual space:
  Non-class space:       64.00 MB reserved,      59.12 MB ( 92%) committed,  8 nodes.
      Class space:        1.00 GB reserved,       7.38 MB ( <1%) committed,  1 nodes.
             Both:        1.06 GB reserved,      66.50 MB (  6%) committed. 

Chunk freelists:
   Non-Class:  144.00 KB
       Class:  493.00 KB
        Both:  637.00 KB

MaxMetaspaceSize: unlimited
CompressedClassSpaceSize: 1.00 GB
Initial GC threshold: 21.00 MB
Current GC threshold: 110.62 MB
CDS: off
MetaspaceReclaimPolicy: balanced
 - commit_granule_bytes: 65536.
 - commit_granule_words: 8192.
 - virtual_space_node_default_size: 1048576.
 - enlarge_chunks_in_place: 1.
 - new_chunks_are_fully_committed: 0.
 - uncommit_free_chunks: 1.
 - use_allocation_guard: 0.
 - handle_deallocations: 1.


Internal statistics:

num_allocs_failed_limit: 13.
num_arena_births: 474.
num_arena_deaths: 14.
num_vsnodes_births: 9.
num_vsnodes_deaths: 0.
num_space_committed: 1064.
num_space_uncommitted: 0.
num_chunks_returned_to_freelist: 27.
num_chunks_taken_from_freelist: 2964.
num_chunk_merges: 17.
num_chunk_splits: 1856.
num_chunks_enlarged: 1087.
num_purges: 2.
num_inconsistent_stats: 0.

CodeHeap 'non-profiled nmethods': size=120000Kb used=5161Kb max_used=5161Kb free=114839Kb
 bounds [0x000002c75ca00000, 0x000002c75cf10000, 0x000002c763f30000]
CodeHeap 'profiled nmethods': size=120000Kb used=14757Kb max_used=15109Kb free=105243Kb
 bounds [0x000002c754f30000, 0x000002c755e00000, 0x000002c75c460000]
CodeHeap 'non-nmethods': size=5760Kb used=1381Kb max_used=1501Kb free=4378Kb
 bounds [0x000002c75c460000, 0x000002c75c6d0000, 0x000002c75ca00000]
 total_blobs=7896 nmethods=7169 adapters=640
 compilation: enabled
              stopped_count=0, restarted_count=0
 full_count=0

Compilation events (20 events):
Event: 32.364 Thread 0x000002c767c731d0 8758       3       java.util.ArrayList::hashCodeRange (68 bytes)
Event: 32.365 Thread 0x000002c767c71460 nmethod 8752 0x000002c75cf07f90 code [0x000002c75cf08120, 0x000002c75cf08558]
Event: 32.365 Thread 0x000002c767c71460 8764       4       java.util.HashMap$KeySet::iterator (12 bytes)
Event: 32.365 Thread 0x000002c767c731d0 nmethod 8758 0x000002c7559eb210 code [0x000002c7559eb3e0, 0x000002c7559eb818]
Event: 32.365 Thread 0x000002c767c731d0 8762       3       java.util.Collections$UnmodifiableMap::keySet (28 bytes)
Event: 32.365 Thread 0x000002c767c731d0 nmethod 8762 0x000002c7559ea890 code [0x000002c7559eaa80, 0x000002c7559eb018]
Event: 32.365 Thread 0x000002c767c731d0 8756       3       java.util.ArrayList::checkForComodification (17 bytes)
Event: 32.366 Thread 0x000002c767c731d0 nmethod 8756 0x000002c7559ea390 code [0x000002c7559ea540, 0x000002c7559ea768]
Event: 32.366 Thread 0x000002c767c731d0 8757       3       java.util.ArrayList::hashCode (22 bytes)
Event: 32.366 Thread 0x000002c767c731d0 nmethod 8757 0x000002c7559e9d10 code [0x000002c7559e9ee0, 0x000002c7559ea238]
Event: 32.366 Thread 0x000002c767c731d0 8754       3       org.eclipse.osgi.container.ModuleDatabase$Persistence::getListType (59 bytes)
Event: 32.367 Thread 0x000002c767c731d0 nmethod 8754 0x000002c7559e9210 code [0x000002c7559e9420, 0x000002c7559e9c38]
Event: 32.367 Thread 0x000002c767c731d0 8761       3       java.util.Collections$UnmodifiableList::hashCode (10 bytes)
Event: 32.367 Thread 0x000002c767c731d0 nmethod 8761 0x000002c7559e8d90 code [0x000002c7559e8f40, 0x000002c7559e9108]
Event: 32.367 Thread 0x000002c767c731d0 8766       3       java.util.Collections$SingletonMap::keySet (23 bytes)
Event: 32.368 Thread 0x000002c767c731d0 nmethod 8766 0x000002c7559e8690 code [0x000002c7559e8840, 0x000002c7559e8bf8]
Event: 32.372 Thread 0x000002c767c731d0 8767       3       org.eclipse.osgi.container.ModuleDatabase$Persistence::writeList (278 bytes)
Event: 32.373 Thread 0x000002c767c71460 nmethod 8764 0x000002c75cf08710 code [0x000002c75cf088a0, 0x000002c75cf08c18]
Event: 32.374 Thread 0x000002c767c71460 8759  s    4       java.io.BufferedOutputStream::write (35 bytes)
Event: 32.375 Thread 0x000002c767c731d0 nmethod 8767 0x000002c755695a90 code [0x000002c755695f20, 0x000002c755697ef8]

GC Heap History (20 events):
Event: 27.842 GC heap before
{Heap before GC invocations=123 (full 9):
 PSYoungGen      total 41984K, used 41955K [0x00000000eab00000, 0x00000000ef180000, 0x0000000100000000)
  eden space 27136K, 100% used [0x00000000eab00000,0x00000000ec580000,0x00000000ec580000)
  from space 14848K, 99% used [0x00000000ec580000,0x00000000ed3f8d60,0x00000000ed400000)
  to   space 21504K, 0% used [0x00000000edc80000,0x00000000edc80000,0x00000000ef180000)
 ParOldGen       total 340992K, used 268604K [0x00000000c0000000, 0x00000000d4d00000, 0x00000000eab00000)
  object space 340992K, 78% used [0x00000000c0000000,0x00000000d064f158,0x00000000d4d00000)
 Metaspace       used 65792K, committed 66752K, reserved 1114112K
  class space    used 7007K, committed 7424K, reserved 1048576K
}
Event: 27.852 GC heap after
{Heap after GC invocations=123 (full 9):
 PSYoungGen      total 43008K, used 13521K [0x00000000eab00000, 0x00000000eea00000, 0x0000000100000000)
  eden space 29184K, 0% used [0x00000000eab00000,0x00000000eab00000,0x00000000ec780000)
  from space 13824K, 97% used [0x00000000edc80000,0x00000000ee9b46c8,0x00000000eea00000)
  to   space 16384K, 0% used [0x00000000eca00000,0x00000000eca00000,0x00000000eda00000)
 ParOldGen       total 340992K, used 275443K [0x00000000c0000000, 0x00000000d4d00000, 0x00000000eab00000)
  object space 340992K, 80% used [0x00000000c0000000,0x00000000d0cfccf0,0x00000000d4d00000)
 Metaspace       used 65792K, committed 66752K, reserved 1114112K
  class space    used 7007K, committed 7424K, reserved 1048576K
}
Event: 28.054 GC heap before
{Heap before GC invocations=124 (full 9):
 PSYoungGen      total 43008K, used 42705K [0x00000000eab00000, 0x00000000eea00000, 0x0000000100000000)
  eden space 29184K, 100% used [0x00000000eab00000,0x00000000ec780000,0x00000000ec780000)
  from space 13824K, 97% used [0x00000000edc80000,0x00000000ee9b46c8,0x00000000eea00000)
  to   space 16384K, 0% used [0x00000000eca00000,0x00000000eca00000,0x00000000eda00000)
 ParOldGen       total 340992K, used 275443K [0x00000000c0000000, 0x00000000d4d00000, 0x00000000eab00000)
  object space 340992K, 80% used [0x00000000c0000000,0x00000000d0cfccf0,0x00000000d4d00000)
 Metaspace       used 65868K, committed 66816K, reserved 1114112K
  class space    used 7012K, committed 7424K, reserved 1048576K
}
Event: 28.063 GC heap after
{Heap after GC invocations=124 (full 9):
 PSYoungGen      total 47616K, used 16375K [0x00000000eab00000, 0x00000000ef280000, 0x0000000100000000)
  eden space 31232K, 0% used [0x00000000eab00000,0x00000000eab00000,0x00000000ec980000)
  from space 16384K, 99% used [0x00000000eca00000,0x00000000ed9fdec8,0x00000000eda00000)
  to   space 20992K, 0% used [0x00000000ede00000,0x00000000ede00000,0x00000000ef280000)
 ParOldGen       total 340992K, used 278674K [0x00000000c0000000, 0x00000000d4d00000, 0x00000000eab00000)
  object space 340992K, 81% used [0x00000000c0000000,0x00000000d1024838,0x00000000d4d00000)
 Metaspace       used 65868K, committed 66816K, reserved 1114112K
  class space    used 7012K, committed 7424K, reserved 1048576K
}
Event: 28.298 GC heap before
{Heap before GC invocations=125 (full 9):
 PSYoungGen      total 47616K, used 47607K [0x00000000eab00000, 0x00000000ef280000, 0x0000000100000000)
  eden space 31232K, 100% used [0x00000000eab00000,0x00000000ec980000,0x00000000ec980000)
  from space 16384K, 99% used [0x00000000eca00000,0x00000000ed9fdec8,0x00000000eda00000)
  to   space 20992K, 0% used [0x00000000ede00000,0x00000000ede00000,0x00000000ef280000)
 ParOldGen       total 340992K, used 278674K [0x00000000c0000000, 0x00000000d4d00000, 0x00000000eab00000)
  object space 340992K, 81% used [0x00000000c0000000,0x00000000d1024838,0x00000000d4d00000)
 Metaspace       used 65951K, committed 66944K, reserved 1114112K
  class space    used 7021K, committed 7424K, reserved 1048576K
}
Event: 28.312 GC heap after
{Heap after GC invocations=125 (full 9):
 PSYoungGen      total 48128K, used 14753K [0x00000000eab00000, 0x00000000eec80000, 0x0000000100000000)
  eden space 33280K, 0% used [0x00000000eab00000,0x00000000eab00000,0x00000000ecb80000)
  from space 14848K, 99% used [0x00000000ede00000,0x00000000eec685f0,0x00000000eec80000)
  to   space 16896K, 0% used [0x00000000ecb80000,0x00000000ecb80000,0x00000000edc00000)
 ParOldGen       total 340992K, used 286628K [0x00000000c0000000, 0x00000000d4d00000, 0x00000000eab00000)
  object space 340992K, 84% used [0x00000000c0000000,0x00000000d17e93d8,0x00000000d4d00000)
 Metaspace       used 65951K, committed 66944K, reserved 1114112K
  class space    used 7021K, committed 7424K, reserved 1048576K
}
Event: 28.557 GC heap before
{Heap before GC invocations=126 (full 9):
 PSYoungGen      total 48128K, used 48033K [0x00000000eab00000, 0x00000000eec80000, 0x0000000100000000)
  eden space 33280K, 100% used [0x00000000eab00000,0x00000000ecb80000,0x00000000ecb80000)
  from space 14848K, 99% used [0x00000000ede00000,0x00000000eec685f0,0x00000000eec80000)
  to   space 16896K, 0% used [0x00000000ecb80000,0x00000000ecb80000,0x00000000edc00000)
 ParOldGen       total 340992K, used 286628K [0x00000000c0000000, 0x00000000d4d00000, 0x00000000eab00000)
  object space 340992K, 84% used [0x00000000c0000000,0x00000000d17e93d8,0x00000000d4d00000)
 Metaspace       used 66631K, committed 67584K, reserved 1114112K
  class space    used 7085K, committed 7488K, reserved 1048576K
}
Event: 28.567 GC heap after
{Heap after GC invocations=126 (full 9):
 PSYoungGen      total 50176K, used 16865K [0x00000000eab00000, 0x00000000ef780000, 0x0000000100000000)
  eden space 33280K, 0% used [0x00000000eab00000,0x00000000eab00000,0x00000000ecb80000)
  from space 16896K, 99% used [0x00000000ecb80000,0x00000000edbf8510,0x00000000edc00000)
  to   space 22528K, 0% used [0x00000000ee180000,0x00000000ee180000,0x00000000ef780000)
 ParOldGen       total 340992K, used 290783K [0x00000000c0000000, 0x00000000d4d00000, 0x00000000eab00000)
  object space 340992K, 85% used [0x00000000c0000000,0x00000000d1bf7d90,0x00000000d4d00000)
 Metaspace       used 66631K, committed 67584K, reserved 1114112K
  class space    used 7085K, committed 7488K, reserved 1048576K
}
Event: 28.844 GC heap before
{Heap before GC invocations=127 (full 9):
 PSYoungGen      total 50176K, used 50145K [0x00000000eab00000, 0x00000000ef780000, 0x0000000100000000)
  eden space 33280K, 100% used [0x00000000eab00000,0x00000000ecb80000,0x00000000ecb80000)
  from space 16896K, 99% used [0x00000000ecb80000,0x00000000edbf8510,0x00000000edc00000)
  to   space 22528K, 0% used [0x00000000ee180000,0x00000000ee180000,0x00000000ef780000)
 ParOldGen       total 340992K, used 290783K [0x00000000c0000000, 0x00000000d4d00000, 0x00000000eab00000)
  object space 340992K, 85% used [0x00000000c0000000,0x00000000d1bf7d90,0x00000000d4d00000)
 Metaspace       used 66690K, committed 67648K, reserved 1114112K
  class space    used 7088K, committed 7488K, reserved 1048576K
}
Event: 28.858 GC heap after
{Heap after GC invocations=127 (full 9):
 PSYoungGen      total 51712K, used 18080K [0x00000000eab00000, 0x00000000ef380000, 0x0000000100000000)
  eden space 33280K, 0% used [0x00000000eab00000,0x00000000eab00000,0x00000000ecb80000)
  from space 18432K, 98% used [0x00000000ee180000,0x00000000ef3281b0,0x00000000ef380000)
  to   space 19456K, 0% used [0x00000000ecd80000,0x00000000ecd80000,0x00000000ee080000)
 ParOldGen       total 340992K, used 296753K [0x00000000c0000000, 0x00000000d4d00000, 0x00000000eab00000)
  object space 340992K, 87% used [0x00000000c0000000,0x00000000d21cc698,0x00000000d4d00000)
 Metaspace       used 66690K, committed 67648K, reserved 1114112K
  class space    used 7088K, committed 7488K, reserved 1048576K
}
Event: 29.292 GC heap before
{Heap before GC invocations=128 (full 9):
 PSYoungGen      total 51712K, used 51360K [0x00000000eab00000, 0x00000000ef380000, 0x0000000100000000)
  eden space 33280K, 100% used [0x00000000eab00000,0x00000000ecb80000,0x00000000ecb80000)
  from space 18432K, 98% used [0x00000000ee180000,0x00000000ef3281b0,0x00000000ef380000)
  to   space 19456K, 0% used [0x00000000ecd80000,0x00000000ecd80000,0x00000000ee080000)
 ParOldGen       total 340992K, used 296753K [0x00000000c0000000, 0x00000000d4d00000, 0x00000000eab00000)
  object space 340992K, 87% used [0x00000000c0000000,0x00000000d21cc698,0x00000000d4d00000)
 Metaspace       used 66790K, committed 67776K, reserved 1114112K
  class space    used 7102K, committed 7552K, reserved 1048576K
}
Event: 29.304 GC heap after
{Heap after GC invocations=128 (full 9):
 PSYoungGen      total 52736K, used 19443K [0x00000000eab00000, 0x00000000f0180000, 0x0000000100000000)
  eden space 33280K, 0% used [0x00000000eab00000,0x00000000eab00000,0x00000000ecb80000)
  from space 19456K, 99% used [0x00000000ecd80000,0x00000000ee07ccc0,0x00000000ee080000)
  to   space 27648K, 0% used [0x00000000ee680000,0x00000000ee680000,0x00000000f0180000)
 ParOldGen       total 340992K, used 303266K [0x00000000c0000000, 0x00000000d4d00000, 0x00000000eab00000)
  object space 340992K, 88% used [0x00000000c0000000,0x00000000d2828948,0x00000000d4d00000)
 Metaspace       used 66790K, committed 67776K, reserved 1114112K
  class space    used 7102K, committed 7552K, reserved 1048576K
}
Event: 29.460 GC heap before
{Heap before GC invocations=129 (full 9):
 PSYoungGen      total 52736K, used 52670K [0x00000000eab00000, 0x00000000f0180000, 0x0000000100000000)
  eden space 33280K, 99% used [0x00000000eab00000,0x00000000ecb72b60,0x00000000ecb80000)
  from space 19456K, 99% used [0x00000000ecd80000,0x00000000ee07ccc0,0x00000000ee080000)
  to   space 27648K, 0% used [0x00000000ee680000,0x00000000ee680000,0x00000000f0180000)
 ParOldGen       total 340992K, used 303266K [0x00000000c0000000, 0x00000000d4d00000, 0x00000000eab00000)
  object space 340992K, 88% used [0x00000000c0000000,0x00000000d2828948,0x00000000d4d00000)
 Metaspace       used 66800K, committed 67776K, reserved 1114112K
  class space    used 7102K, committed 7552K, reserved 1048576K
}
Event: 29.477 GC heap after
{Heap after GC invocations=129 (full 9):
 PSYoungGen      total 55296K, used 21778K [0x00000000eab00000, 0x00000000efc00000, 0x0000000100000000)
  eden space 33280K, 0% used [0x00000000eab00000,0x00000000eab00000,0x00000000ecb80000)
  from space 22016K, 98% used [0x00000000ee680000,0x00000000efbc4890,0x00000000efc00000)
  to   space 23552K, 0% used [0x00000000ece00000,0x00000000ece00000,0x00000000ee500000)
 ParOldGen       total 340992K, used 312912K [0x00000000c0000000, 0x00000000d4d00000, 0x00000000eab00000)
  object space 340992K, 91% used [0x00000000c0000000,0x00000000d31941d8,0x00000000d4d00000)
 Metaspace       used 66800K, committed 67776K, reserved 1114112K
  class space    used 7102K, committed 7552K, reserved 1048576K
}
Event: 29.630 GC heap before
{Heap before GC invocations=130 (full 9):
 PSYoungGen      total 55296K, used 55058K [0x00000000eab00000, 0x00000000efc00000, 0x0000000100000000)
  eden space 33280K, 100% used [0x00000000eab00000,0x00000000ecb80000,0x00000000ecb80000)
  from space 22016K, 98% used [0x00000000ee680000,0x00000000efbc4890,0x00000000efc00000)
  to   space 23552K, 0% used [0x00000000ece00000,0x00000000ece00000,0x00000000ee500000)
 ParOldGen       total 340992K, used 312912K [0x00000000c0000000, 0x00000000d4d00000, 0x00000000eab00000)
  object space 340992K, 91% used [0x00000000c0000000,0x00000000d31941d8,0x00000000d4d00000)
 Metaspace       used 66800K, committed 67776K, reserved 1114112K
  class space    used 7102K, committed 7552K, reserved 1048576K
}
Event: 29.673 GC heap after
{Heap after GC invocations=130 (full 9):
 PSYoungGen      total 59392K, used 23544K [0x00000000eab00000, 0x00000000f1280000, 0x0000000100000000)
  eden space 35840K, 0% used [0x00000000eab00000,0x00000000eab00000,0x00000000ece00000)
  from space 23552K, 99% used [0x00000000ece00000,0x00000000ee4fe100,0x00000000ee500000)
  to   space 34816K, 0% used [0x00000000ef080000,0x00000000ef080000,0x00000000f1280000)
 ParOldGen       total 340992K, used 322021K [0x00000000c0000000, 0x00000000d4d00000, 0x00000000eab00000)
  object space 340992K, 94% used [0x00000000c0000000,0x00000000d3a796c0,0x00000000d4d00000)
 Metaspace       used 66800K, committed 67776K, reserved 1114112K
  class space    used 7102K, committed 7552K, reserved 1048576K
}
Event: 31.298 GC heap before
{Heap before GC invocations=131 (full 9):
 PSYoungGen      total 59392K, used 59384K [0x00000000eab00000, 0x00000000f1280000, 0x0000000100000000)
  eden space 35840K, 100% used [0x00000000eab00000,0x00000000ece00000,0x00000000ece00000)
  from space 23552K, 99% used [0x00000000ece00000,0x00000000ee4fe100,0x00000000ee500000)
  to   space 34816K, 0% used [0x00000000ef080000,0x00000000ef080000,0x00000000f1280000)
 ParOldGen       total 340992K, used 322021K [0x00000000c0000000, 0x00000000d4d00000, 0x00000000eab00000)
  object space 340992K, 94% used [0x00000000c0000000,0x00000000d3a796c0,0x00000000d4d00000)
 Metaspace       used 67026K, committed 67968K, reserved 1114112K
  class space    used 7109K, committed 7552K, reserved 1048576K
}
Event: 31.358 GC heap after
{Heap after GC invocations=131 (full 9):
 PSYoungGen      total 66560K, used 27472K [0x00000000eab00000, 0x00000000f0b80000, 0x0000000100000000)
  eden space 38912K, 0% used [0x00000000eab00000,0x00000000eab00000,0x00000000ed100000)
  from space 27648K, 99% used [0x00000000ef080000,0x00000000f0b54170,0x00000000f0b80000)
  to   space 29696K, 0% used [0x00000000ed180000,0x00000000ed180000,0x00000000eee80000)
 ParOldGen       total 340992K, used 331682K [0x00000000c0000000, 0x00000000d4d00000, 0x00000000eab00000)
  object space 340992K, 97% used [0x00000000c0000000,0x00000000d43e8858,0x00000000d4d00000)
 Metaspace       used 67026K, committed 67968K, reserved 1114112K
  class space    used 7109K, committed 7552K, reserved 1048576K
}
Event: 31.358 GC heap before
{Heap before GC invocations=132 (full 10):
 PSYoungGen      total 66560K, used 27472K [0x00000000eab00000, 0x00000000f0b80000, 0x0000000100000000)
  eden space 38912K, 0% used [0x00000000eab00000,0x00000000eab00000,0x00000000ed100000)
  from space 27648K, 99% used [0x00000000ef080000,0x00000000f0b54170,0x00000000f0b80000)
  to   space 29696K, 0% used [0x00000000ed180000,0x00000000ed180000,0x00000000eee80000)
 ParOldGen       total 340992K, used 331682K [0x00000000c0000000, 0x00000000d4d00000, 0x00000000eab00000)
  object space 340992K, 97% used [0x00000000c0000000,0x00000000d43e8858,0x00000000d4d00000)
 Metaspace       used 67026K, committed 67968K, reserved 1114112K
  class space    used 7109K, committed 7552K, reserved 1048576K
}
Event: 32.292 GC heap after
{Heap after GC invocations=132 (full 10):
 PSYoungGen      total 66560K, used 13467K [0x00000000eab00000, 0x00000000f0b80000, 0x0000000100000000)
  eden space 38912K, 0% used [0x00000000eab00000,0x00000000eab00000,0x00000000ed100000)
  from space 27648K, 48% used [0x00000000ef080000,0x00000000efda6de8,0x00000000f0b80000)
  to   space 29696K, 0% used [0x00000000ed180000,0x00000000ed180000,0x00000000eee80000)
 ParOldGen       total 340992K, used 340831K [0x00000000c0000000, 0x00000000d4d00000, 0x00000000eab00000)
  object space 340992K, 99% used [0x00000000c0000000,0x00000000d4cd7f18,0x00000000d4d00000)
 Metaspace       used 67026K, committed 67968K, reserved 1114112K
  class space    used 7109K, committed 7552K, reserved 1048576K
}

Dll operation events (13 events):
Event: 0.616 Loaded shared library c:\Users\Hp\.vscode\extensions\redhat.java-1.16.0-win32-x64\jre\17.0.6-win32-x86_64\bin\java.dll
Event: 0.749 Loaded shared library c:\Users\Hp\.vscode\extensions\redhat.java-1.16.0-win32-x64\jre\17.0.6-win32-x86_64\bin\zip.dll
Event: 0.753 Loaded shared library C:\Users\Hp\.vscode\extensions\redhat.java-1.16.0-win32-x64\jre\17.0.6-win32-x86_64\bin\instrument.dll
Event: 0.766 Loaded shared library C:\Users\Hp\.vscode\extensions\redhat.java-1.16.0-win32-x64\jre\17.0.6-win32-x86_64\bin\net.dll
Event: 0.769 Loaded shared library C:\Users\Hp\.vscode\extensions\redhat.java-1.16.0-win32-x64\jre\17.0.6-win32-x86_64\bin\nio.dll
Event: 0.777 Loaded shared library C:\Users\Hp\.vscode\extensions\redhat.java-1.16.0-win32-x64\jre\17.0.6-win32-x86_64\bin\zip.dll
Event: 0.795 Loaded shared library C:\Users\Hp\.vscode\extensions\redhat.java-1.16.0-win32-x64\jre\17.0.6-win32-x86_64\bin\jimage.dll
Event: 0.863 Loaded shared library c:\Users\Hp\.vscode\extensions\redhat.java-1.16.0-win32-x64\jre\17.0.6-win32-x86_64\bin\verify.dll
Event: 4.467 Loaded shared library C:\Users\Hp\AppData\Roaming\Code\User\globalStorage\redhat.java\1.16.0\config_win\org.eclipse.equinox.launcher\org.eclipse.equinox.launcher.win32.win32.x86_64_1.2.700.v20221108-1024\eclipse_11801.dll
Event: 5.717 Loaded shared library C:\Users\Hp\.vscode\extensions\redhat.java-1.16.0-win32-x64\jre\17.0.6-win32-x86_64\bin\management.dll
Event: 5.726 Loaded shared library C:\Users\Hp\.vscode\extensions\redhat.java-1.16.0-win32-x64\jre\17.0.6-win32-x86_64\bin\management_ext.dll
Event: 10.925 Loaded shared library C:\Users\Hp\AppData\Local\Temp\jna-2344\jna17436013801886109139.dll
Event: 16.539 Loaded shared library C:\Users\Hp\.vscode\extensions\redhat.java-1.16.0-win32-x64\jre\17.0.6-win32-x86_64\bin\sunmscapi.dll

Deoptimization events (20 events):
Event: 31.007 Thread 0x000002c76a233f50 DEOPT PACKING pc=0x000002c75538cd3b sp=0x000000d21e8ff0e0
Event: 31.007 Thread 0x000002c76a233f50 DEOPT UNPACKING pc=0x000002c75c4b6e43 sp=0x000000d21e8fe5b0 mode 0
Event: 31.011 Thread 0x000002c76a233f50 DEOPT PACKING pc=0x000002c75538cd3b sp=0x000000d21e8ff0e0
Event: 31.011 Thread 0x000002c76a233f50 DEOPT UNPACKING pc=0x000002c75c4b6e43 sp=0x000000d21e8fe5b0 mode 0
Event: 31.014 Thread 0x000002c76a233f50 DEOPT PACKING pc=0x000002c75538cd3b sp=0x000000d21e8ff0e0
Event: 31.014 Thread 0x000002c76a233f50 DEOPT UNPACKING pc=0x000002c75c4b6e43 sp=0x000000d21e8fe5b0 mode 0
Event: 31.017 Thread 0x000002c76a233f50 DEOPT PACKING pc=0x000002c75538cd3b sp=0x000000d21e8ff0e0
Event: 31.017 Thread 0x000002c76a233f50 DEOPT UNPACKING pc=0x000002c75c4b6e43 sp=0x000000d21e8fe5b0 mode 0
Event: 31.022 Thread 0x000002c76a233f50 DEOPT PACKING pc=0x000002c75538cd3b sp=0x000000d21e8ff0e0
Event: 31.022 Thread 0x000002c76a233f50 DEOPT UNPACKING pc=0x000002c75c4b6e43 sp=0x000000d21e8fe5b0 mode 0
Event: 31.026 Thread 0x000002c76a233f50 DEOPT PACKING pc=0x000002c75538cd3b sp=0x000000d21e8ff0e0
Event: 31.026 Thread 0x000002c76a233f50 DEOPT UNPACKING pc=0x000002c75c4b6e43 sp=0x000000d21e8fe5b0 mode 0
Event: 31.030 Thread 0x000002c76a233f50 DEOPT PACKING pc=0x000002c75538cd3b sp=0x000000d21e8ff0e0
Event: 31.030 Thread 0x000002c76a233f50 DEOPT UNPACKING pc=0x000002c75c4b6e43 sp=0x000000d21e8fe5b0 mode 0
Event: 31.038 Thread 0x000002c76a233f50 DEOPT PACKING pc=0x000002c75538cd3b sp=0x000000d21e8ff0e0
Event: 31.038 Thread 0x000002c76a233f50 DEOPT UNPACKING pc=0x000002c75c4b6e43 sp=0x000000d21e8fe5b0 mode 0
Event: 31.044 Thread 0x000002c76a233f50 DEOPT PACKING pc=0x000002c75538ccca sp=0x000000d21e8ff0e0
Event: 31.044 Thread 0x000002c76a233f50 DEOPT UNPACKING pc=0x000002c75c4b6e43 sp=0x000000d21e8fe5b0 mode 0
Event: 32.301 Thread 0x000002c76ab25400 DEOPT PACKING pc=0x000002c755cabee9 sp=0x000000d2202fe780
Event: 32.302 Thread 0x000002c76ab25400 DEOPT UNPACKING pc=0x000002c75c4b6e43 sp=0x000000d2202fdc20 mode 0

Classes unloaded (7 events):
Event: 5.825 Thread 0x000002c75233e5c0 Unloading class 0x000000010021e400 'java/lang/invoke/LambdaForm$MH+0x000000010021e400'
Event: 5.825 Thread 0x000002c75233e5c0 Unloading class 0x000000010021e000 'java/lang/invoke/LambdaForm$MH+0x000000010021e000'
Event: 5.825 Thread 0x000002c75233e5c0 Unloading class 0x000000010021dc00 'java/lang/invoke/LambdaForm$MH+0x000000010021dc00'
Event: 5.826 Thread 0x000002c75233e5c0 Unloading class 0x000000010021d800 'java/lang/invoke/LambdaForm$MH+0x000000010021d800'
Event: 5.826 Thread 0x000002c75233e5c0 Unloading class 0x000000010021d000 'java/lang/invoke/LambdaForm$BMH+0x000000010021d000'
Event: 5.826 Thread 0x000002c75233e5c0 Unloading class 0x000000010021cc00 'java/lang/invoke/LambdaForm$DMH+0x000000010021cc00'
Event: 5.826 Thread 0x000002c75233e5c0 Unloading class 0x000000010021a000 'java/lang/invoke/LambdaForm$DMH+0x000000010021a000'

Classes redefined (0 events):
No events

Internal exceptions (20 events):
Event: 28.978 Thread 0x000002c76ab25400 Exception <a 'java/lang/ArrayIndexOutOfBoundsException'{0x00000000eb3c7820}> (0x00000000eb3c7820) 
thrown [s\src\hotspot\share\runtime\sharedRuntime.cpp, line 628]
Event: 30.163 Thread 0x000002c76a235c30 Exception <a 'sun/nio/fs/WindowsException'{0x00000000eafcd138}> (0x00000000eafcd138) 
thrown [s\src\hotspot\share\prims\jni.cpp, line 516]
Event: 30.697 Thread 0x000002c76a235c30 Exception <a 'java/lang/NullPointerException'{0x00000000eb772908}> (0x00000000eb772908) 
thrown [s\src\hotspot\share\interpreter\linkResolver.cpp, line 1350]
Event: 30.697 Thread 0x000002c76a235c30 Exception <a 'java/lang/NullPointerException'{0x00000000eb772ea0}> (0x00000000eb772ea0) 
thrown [s\src\hotspot\share\interpreter\linkResolver.cpp, line 1350]
Event: 30.697 Thread 0x000002c76a235c30 Exception <a 'java/lang/NullPointerException'{0x00000000eb773678}> (0x00000000eb773678) 
thrown [s\src\hotspot\share\interpreter\linkResolver.cpp, line 1350]
Event: 30.698 Thread 0x000002c76a235c30 Exception <a 'java/lang/NullPointerException'{0x00000000eb773c10}> (0x00000000eb773c10) 
thrown [s\src\hotspot\share\interpreter\linkResolver.cpp, line 1350]
Event: 30.698 Thread 0x000002c76a235c30 Exception <a 'java/lang/NullPointerException'{0x00000000eb7743c0}> (0x00000000eb7743c0) 
thrown [s\src\hotspot\share\interpreter\linkResolver.cpp, line 1350]
Event: 30.699 Thread 0x000002c76a235c30 Exception <a 'java/lang/NullPointerException'{0x00000000eb775078}> (0x00000000eb775078) 
thrown [s\src\hotspot\share\interpreter\linkResolver.cpp, line 1350]
Event: 30.755 Thread 0x000002c76a235c30 Exception <a 'java/lang/NullPointerException'{0x00000000eb969fd8}> (0x00000000eb969fd8) 
thrown [s\src\hotspot\share\interpreter\linkResolver.cpp, line 1350]
Event: 30.755 Thread 0x000002c76a235c30 Exception <a 'java/lang/NullPointerException'{0x00000000eb96ac00}> (0x00000000eb96ac00) 
thrown [s\src\hotspot\share\interpreter\linkResolver.cpp, line 1350]
Event: 30.756 Thread 0x000002c76a235c30 Exception <a 'java/lang/NullPointerException'{0x00000000eb96b820}> (0x00000000eb96b820) 
thrown [s\src\hotspot\share\interpreter\linkResolver.cpp, line 1350]
Event: 30.756 Thread 0x000002c76a235c30 Exception <a 'java/lang/NullPointerException'{0x00000000eb96c460}> (0x00000000eb96c460) 
thrown [s\src\hotspot\share\interpreter\linkResolver.cpp, line 1350]
Event: 30.756 Thread 0x000002c76a235c30 Exception <a 'java/lang/NullPointerException'{0x00000000eb96d198}> (0x00000000eb96d198) 
thrown [s\src\hotspot\share\interpreter\linkResolver.cpp, line 1350]
Event: 30.756 Thread 0x000002c76a235c30 Exception <a 'java/lang/NullPointerException'{0x00000000eb96ef90}> (0x00000000eb96ef90) 
thrown [s\src\hotspot\share\interpreter\linkResolver.cpp, line 1350]
Event: 30.778 Thread 0x000002c76a235c30 Exception <a 'java/lang/NullPointerException'{0x00000000ebaaab60}> (0x00000000ebaaab60) 
thrown [s\src\hotspot\share\interpreter\linkResolver.cpp, line 1350]
Event: 30.778 Thread 0x000002c76a235c30 Exception <a 'java/lang/NullPointerException'{0x00000000ebaab798}> (0x00000000ebaab798) 
thrown [s\src\hotspot\share\interpreter\linkResolver.cpp, line 1350]
Event: 30.778 Thread 0x000002c76a235c30 Exception <a 'java/lang/NullPointerException'{0x00000000ebaac3b8}> (0x00000000ebaac3b8) 
thrown [s\src\hotspot\share\interpreter\linkResolver.cpp, line 1350]
Event: 30.778 Thread 0x000002c76a235c30 Exception <a 'java/lang/NullPointerException'{0x00000000ebaad000}> (0x00000000ebaad000) 
thrown [s\src\hotspot\share\interpreter\linkResolver.cpp, line 1350]
Event: 30.778 Thread 0x000002c76a235c30 Exception <a 'java/lang/NullPointerException'{0x00000000ebaadcf8}> (0x00000000ebaadcf8) 
thrown [s\src\hotspot\share\interpreter\linkResolver.cpp, line 1350]
Event: 30.779 Thread 0x000002c76a235c30 Exception <a 'java/lang/NullPointerException'{0x00000000ebaafb48}> (0x00000000ebaafb48) 
thrown [s\src\hotspot\share\interpreter\linkResolver.cpp, line 1350]

VM Operations (20 events):
Event: 28.298 Executing VM operation: ParallelGCFailedAllocation
Event: 28.312 Executing VM operation: ParallelGCFailedAllocation done
Event: 28.496 Executing VM operation: HandshakeAllThreads
Event: 28.496 Executing VM operation: HandshakeAllThreads done
Event: 28.557 Executing VM operation: ParallelGCFailedAllocation
Event: 28.567 Executing VM operation: ParallelGCFailedAllocation done
Event: 28.844 Executing VM operation: ParallelGCFailedAllocation
Event: 28.858 Executing VM operation: ParallelGCFailedAllocation done
Event: 29.292 Executing VM operation: ParallelGCFailedAllocation
Event: 29.304 Executing VM operation: ParallelGCFailedAllocation done
Event: 29.460 Executing VM operation: ParallelGCFailedAllocation
Event: 29.477 Executing VM operation: ParallelGCFailedAllocation done
Event: 29.630 Executing VM operation: ParallelGCFailedAllocation
Event: 29.678 Executing VM operation: ParallelGCFailedAllocation done
Event: 30.679 Executing VM operation: Cleanup
Event: 30.680 Executing VM operation: Cleanup done
Event: 30.709 Executing VM operation: HandshakeAllThreads
Event: 30.711 Executing VM operation: HandshakeAllThreads done
Event: 31.298 Executing VM operation: ParallelGCFailedAllocation
Event: 32.292 Executing VM operation: ParallelGCFailedAllocation done

Events (20 events):
Event: 30.559 Thread 0x000002c769cdd510 Thread exited: 0x000002c769cdd510
Event: 30.729 Thread 0x000002c767c76290 flushing nmethod 0x000002c755bf9b10
Event: 30.729 Thread 0x000002c767c76290 flushing nmethod 0x000002c755c0b190
Event: 30.759 Thread 0x000002c769cdd510 Thread added: 0x000002c769cdd510
Event: 30.824 loading class java/lang/Throwable$WrappedPrintWriter
Event: 30.825 loading class java/lang/Throwable$PrintStreamOrWriter
Event: 30.825 loading class java/lang/Throwable$PrintStreamOrWriter done
Event: 30.825 loading class java/lang/Throwable$WrappedPrintWriter done
Event: 30.826 loading class java/text/DontCareFieldPosition
Event: 30.826 loading class java/text/DontCareFieldPosition done
Event: 30.826 loading class java/text/DontCareFieldPosition$1
Event: 30.826 loading class java/text/Format$FieldDelegate
Event: 30.826 loading class java/text/Format$FieldDelegate done
Event: 30.827 loading class java/text/DontCareFieldPosition$1 done
Event: 30.827 loading class java/text/NumberFormat$Field
Event: 30.827 loading class java/text/NumberFormat$Field done
Event: 31.178 Thread 0x000002c769cdd510 Thread exited: 0x000002c769cdd510
Event: 31.189 Thread 0x000002c76ab23bf0 Thread added: 0x000002c76ab23bf0
Event: 31.191 Thread 0x000002c76ab23bf0 Thread exited: 0x000002c76ab23bf0
Event: 32.344 Thread 0x000002c76d56f9d0 Thread added: 0x000002c76d56f9d0


Dynamic libraries:
0x00007ff6ca4d0000 - 0x00007ff6ca4de000 	c:\Users\Hp\.vscode\extensions\redhat.java-1.16.0-win32-x64\jre\17.0.6-win32-x86_64\bin\java.exe
0x00007ffe138f0000 - 0x00007ffe13ae8000 	C:\WINDOWS\SYSTEM32\ntdll.dll
0x00007ffdddd20000 - 0x00007ffdddd39000 	C:\Program Files\Avast Software\Avast\aswhook.dll
0x00007ffe11c00000 - 0x00007ffe11cbf000 	C:\WINDOWS\System32\KERNEL32.DLL
0x00007ffe11070000 - 0x00007ffe1134a000 	C:\WINDOWS\System32\KERNELBASE.dll
0x00007ffe0e8e0000 - 0x00007ffe0e970000 	C:\WINDOWS\SYSTEM32\apphelp.dll
0x00007ffe11620000 - 0x00007ffe11720000 	C:\WINDOWS\System32\ucrtbase.dll
0x00007ffe0a8b0000 - 0x00007ffe0a8c7000 	c:\Users\Hp\.vscode\extensions\redhat.java-1.16.0-win32-x64\jre\17.0.6-win32-x86_64\bin\jli.dll
0x00007ffe0a300000 - 0x00007ffe0a319000 	c:\Users\Hp\.vscode\extensions\redhat.java-1.16.0-win32-x64\jre\17.0.6-win32-x86_64\bin\VCRUNTIME140.dll
0x00007ffe13100000 - 0x00007ffe1329d000 	C:\WINDOWS\System32\USER32.dll
0x00007ffe11350000 - 0x00007ffe11372000 	C:\WINDOWS\System32\win32u.dll
0x00007ffdee0d0000 - 0x00007ffdee36a000 	C:\WINDOWS\WinSxS\amd64_microsoft.windows.common-controls_6595b64144ccf1df_6.0.19041.1110_none_60b5254171f9507e\COMCTL32.dll
0x00007ffe11bd0000 - 0x00007ffe11bfb000 	C:\WINDOWS\System32\GDI32.dll
0x00007ffe13310000 - 0x00007ffe133ae000 	C:\WINDOWS\System32\msvcrt.dll
0x00007ffe11510000 - 0x00007ffe11620000 	C:\WINDOWS\System32\gdi32full.dll
0x00007ffe118b0000 - 0x00007ffe1194d000 	C:\WINDOWS\System32\msvcp_win.dll
0x00007ffe11950000 - 0x00007ffe11980000 	C:\WINDOWS\System32\IMM32.DLL
0x00007ffe0b510000 - 0x00007ffe0b51c000 	c:\Users\Hp\.vscode\extensions\redhat.java-1.16.0-win32-x64\jre\17.0.6-win32-x86_64\bin\vcruntime140_1.dll
0x00007ffdf69c0000 - 0x00007ffdf6a51000 	c:\Users\Hp\.vscode\extensions\redhat.java-1.16.0-win32-x64\jre\17.0.6-win32-x86_64\bin\msvcp140.dll
0x00007ffdc3530000 - 0x00007ffdc4177000 	c:\Users\Hp\.vscode\extensions\redhat.java-1.16.0-win32-x64\jre\17.0.6-win32-x86_64\bin\server\jvm.dll
0x00007ffe11cd0000 - 0x00007ffe11d7e000 	C:\WINDOWS\System32\ADVAPI32.dll
0x00007ffe11a60000 - 0x00007ffe11afc000 	C:\WINDOWS\System32\sechost.dll
0x00007ffe13700000 - 0x00007ffe13826000 	C:\WINDOWS\System32\RPCRT4.dll
0x00007ffe0a140000 - 0x00007ffe0a14a000 	C:\WINDOWS\SYSTEM32\VERSION.dll
0x00007ffdf43d0000 - 0x00007ffdf43f7000 	C:\WINDOWS\SYSTEM32\WINMM.dll
0x00007ffdfbc00000 - 0x00007ffdfbc09000 	C:\WINDOWS\SYSTEM32\WSOCK32.dll
0x00007ffe132a0000 - 0x00007ffe1330b000 	C:\WINDOWS\System32\WS2_32.dll
0x00007ffe0ee00000 - 0x00007ffe0ee12000 	C:\WINDOWS\SYSTEM32\kernel.appcore.dll
0x00007ffe09130000 - 0x00007ffe0913a000 	c:\Users\Hp\.vscode\extensions\redhat.java-1.16.0-win32-x64\jre\17.0.6-win32-x86_64\bin\jimage.dll
0x00007ffe06ae0000 - 0x00007ffe06cc4000 	C:\WINDOWS\SYSTEM32\DBGHELP.DLL
0x00007ffe06960000 - 0x00007ffe06994000 	C:\WINDOWS\SYSTEM32\dbgcore.DLL
0x00007ffe11720000 - 0x00007ffe117a2000 	C:\WINDOWS\System32\bcryptPrimitives.dll
0x00007ffe09120000 - 0x00007ffe0912e000 	c:\Users\Hp\.vscode\extensions\redhat.java-1.16.0-win32-x64\jre\17.0.6-win32-x86_64\bin\instrument.dll
0x00007ffe090f0000 - 0x00007ffe09115000 	c:\Users\Hp\.vscode\extensions\redhat.java-1.16.0-win32-x64\jre\17.0.6-win32-x86_64\bin\java.dll
0x00007ffe08ec0000 - 0x00007ffe08ed8000 	c:\Users\Hp\.vscode\extensions\redhat.java-1.16.0-win32-x64\jre\17.0.6-win32-x86_64\bin\zip.dll
0x00007ffe12140000 - 0x00007ffe12884000 	C:\WINDOWS\System32\SHELL32.dll
0x00007ffe0f0e0000 - 0x00007ffe0f873000 	C:\WINDOWS\SYSTEM32\windows.storage.dll
0x00007ffe11d80000 - 0x00007ffe120d4000 	C:\WINDOWS\System32\combase.dll
0x00007ffe10980000 - 0x00007ffe109ae000 	C:\WINDOWS\SYSTEM32\Wldp.dll
0x00007ffe11b20000 - 0x00007ffe11bcd000 	C:\WINDOWS\System32\SHCORE.dll
0x00007ffe136a0000 - 0x00007ffe136f5000 	C:\WINDOWS\System32\shlwapi.dll
0x00007ffe10f40000 - 0x00007ffe10f5f000 	C:\WINDOWS\SYSTEM32\profapi.dll
0x00007ffe081e0000 - 0x00007ffe081f9000 	C:\Users\Hp\.vscode\extensions\redhat.java-1.16.0-win32-x64\jre\17.0.6-win32-x86_64\bin\net.dll
0x00007ffe069a0000 - 0x00007ffe06aaa000 	C:\WINDOWS\SYSTEM32\WINHTTP.dll
0x00007ffe106e0000 - 0x00007ffe1074a000 	C:\WINDOWS\system32\mswsock.dll
0x00007ffe081c0000 - 0x00007ffe081d5000 	C:\Users\Hp\.vscode\extensions\redhat.java-1.16.0-win32-x64\jre\17.0.6-win32-x86_64\bin\nio.dll
0x00007ffe09010000 - 0x00007ffe09020000 	c:\Users\Hp\.vscode\extensions\redhat.java-1.16.0-win32-x64\jre\17.0.6-win32-x86_64\bin\verify.dll
0x00007ffe04390000 - 0x00007ffe043ce000 	C:\Users\Hp\AppData\Roaming\Code\User\globalStorage\redhat.java\1.16.0\config_win\org.eclipse.equinox.launcher\org.eclipse.equinox.launcher.win32.win32.x86_64_1.2.700.v20221108-1024\eclipse_11801.dll
0x00007ffe13410000 - 0x00007ffe1353a000 	C:\WINDOWS\System32\ole32.dll
0x00007ffe088b0000 - 0x00007ffe088b9000 	C:\Users\Hp\.vscode\extensions\redhat.java-1.16.0-win32-x64\jre\17.0.6-win32-x86_64\bin\management.dll
0x00007ffe081b0000 - 0x00007ffe081bb000 	C:\Users\Hp\.vscode\extensions\redhat.java-1.16.0-win32-x64\jre\17.0.6-win32-x86_64\bin\management_ext.dll
0x00007ffe11cc0000 - 0x00007ffe11cc8000 	C:\WINDOWS\System32\PSAPI.DLL
0x00007ffe108e0000 - 0x00007ffe108f8000 	C:\WINDOWS\SYSTEM32\CRYPTSP.dll
0x00007ffe10000000 - 0x00007ffe10034000 	C:\WINDOWS\system32\rsaenh.dll
0x00007ffe11380000 - 0x00007ffe113a7000 	C:\WINDOWS\System32\bcrypt.dll
0x00007ffe10f00000 - 0x00007ffe10f2e000 	C:\WINDOWS\SYSTEM32\USERENV.dll
0x00007ffe108d0000 - 0x00007ffe108dc000 	C:\WINDOWS\SYSTEM32\CRYPTBASE.dll
0x00007ffe103d0000 - 0x00007ffe1040c000 	C:\WINDOWS\SYSTEM32\IPHLPAPI.DLL
0x00007ffe11b00000 - 0x00007ffe11b08000 	C:\WINDOWS\System32\NSI.dll
0x00007ffe09660000 - 0x00007ffe09677000 	C:\WINDOWS\SYSTEM32\dhcpcsvc6.DLL
0x00007ffe08750000 - 0x00007ffe0876d000 	C:\WINDOWS\SYSTEM32\dhcpcsvc.DLL
0x00007ffe10410000 - 0x00007ffe104db000 	C:\WINDOWS\SYSTEM32\DNSAPI.dll
0x00007ffe09180000 - 0x00007ffe091c5000 	C:\Users\Hp\AppData\Local\Temp\jna-2344\jna17436013801886109139.dll
0x00007ffe0b470000 - 0x00007ffe0b47e000 	C:\Users\Hp\.vscode\extensions\redhat.java-1.16.0-win32-x64\jre\17.0.6-win32-x86_64\bin\sunmscapi.dll
0x00007ffe113b0000 - 0x00007ffe11506000 	C:\WINDOWS\System32\CRYPT32.dll
0x00007ffe109f0000 - 0x00007ffe10a18000 	C:\WINDOWS\SYSTEM32\ncrypt.dll
0x00007ffe109b0000 - 0x00007ffe109eb000 	C:\WINDOWS\SYSTEM32\NTASN1.dll
0x00007ffe096d0000 - 0x00007ffe096da000 	C:\Windows\System32\rasadhlp.dll
0x00007ffe05900000 - 0x00007ffe05980000 	C:\WINDOWS\System32\fwpuclnt.dll

dbghelp: loaded successfully - version: 4.0.5 - missing functions: none
symbol engine: initialized successfully - sym options: 0x614 - pdb path: .;c:\Users\Hp\.vscode\extensions\redhat.java-1.16.0-win32-x64\jre\17.0.6-win32-x86_64\bin;C:\WINDOWS\SYSTEM32;C:\Program Files\Avast Software\Avast;C:\WINDOWS\WinSxS\amd64_microsoft.windows.common-controls_6595b64144ccf1df_6.0.19041.1110_none_60b5254171f9507e;c:\Users\Hp\.vscode\extensions\redhat.java-1.16.0-win32-x64\jre\17.0.6-win32-x86_64\bin\server;C:\Users\Hp\AppData\Roaming\Code\User\globalStorage\redhat.java\1.16.0\config_win\org.eclipse.equinox.launcher\org.eclipse.equinox.launcher.win32.win32.x86_64_1.2.700.v20221108-1024;C:\Users\Hp\AppData\Local\Temp\jna-2344

VM Arguments:
jvm_args: --add-modules=ALL-SYSTEM --add-opens=java.base/java.util=ALL-UNNAMED --add-opens=java.base/java.lang=ALL-UNNAMED --add-opens=java.base/sun.nio.fs=ALL-UNNAMED -Declipse.application=org.eclipse.jdt.ls.core.id1 -Dosgi.bundles.defaultStartLevel=4 -Declipse.product=org.eclipse.jdt.ls.core.product -Djava.import.generatesMetadataFilesAtProjectRoot=false -Dfile.encoding=utf8 -XX:+UseParallelGC -XX:GCTimeRatio=4 -XX:AdaptiveSizePolicyWeight=90 -Dsun.zip.disableMemoryMapping=true -Xmx1G -Xms100m -Xlog:disable -javaagent:c:\Users\Hp\.vscode\extensions\redhat.java-1.16.0-win32-x64\lombok\lombok-1.18.24.jar -XX:+HeapDumpOnOutOfMemoryError -XX:HeapDumpPath=c:\Users\Hp\AppData\Roaming\Code\User\workspaceStorage\7a04cb3f9b4011d13d02e1bdd4c00f87\redhat.java 
java_command: c:\Users\Hp\.vscode\extensions\redhat.java-1.16.0-win32-x64\server\plugins\org.eclipse.equinox.launcher_1.6.400.v20210924-0641.jar -configuration c:\Users\Hp\AppData\Roaming\Code\User\globalStorage\redhat.java\1.16.0\config_win -data c:\Users\Hp\AppData\Roaming\Code\User\workspaceStorage\7a04cb3f9b4011d13d02e1bdd4c00f87\redhat.java\jdt_ws
java_class_path (initial): c:\Users\Hp\.vscode\extensions\redhat.java-1.16.0-win32-x64\server\plugins\org.eclipse.equinox.launcher_1.6.400.v20210924-0641.jar
Launcher Type: SUN_STANDARD

[Global flags]
    uintx AdaptiveSizePolicyWeight                 = 90                                        {product} {command line}
     intx CICompilerCount                          = 4                                         {product} {ergonomic}
    uintx GCTimeRatio                              = 4                                         {product} {command line}
     bool HeapDumpOnOutOfMemoryError               = true                                   {manageable} {command line}
    ccstr HeapDumpPath                             = c:\Users\Hp\AppData\Roaming\Code\User\workspaceStorage\7a04cb3f9b4011d13d02e1bdd4c00f87\redhat.java         {manageable} {command line}
   size_t InitialHeapSize                          = 104857600                                 {product} {command line}
   size_t MaxHeapSize                              = 1073741824                                {product} {command line}
   size_t MaxNewSize                               = 357564416                                 {product} {ergonomic}
   size_t MinHeapDeltaBytes                        = 524288                                    {product} {ergonomic}
   size_t MinHeapSize                              = 104857600                                 {product} {command line}
   size_t NewSize                                  = 34603008                                  {product} {ergonomic}
    uintx NonNMethodCodeHeapSize                   = 5839372                                {pd product} {ergonomic}
    uintx NonProfiledCodeHeapSize                  = 122909434                              {pd product} {ergonomic}
   size_t OldSize                                  = 70254592                                  {product} {ergonomic}
    uintx ProfiledCodeHeapSize                     = 122909434                              {pd product} {ergonomic}
    uintx ReservedCodeCacheSize                    = 251658240                              {pd product} {ergonomic}
     bool SegmentedCodeCache                       = true                                      {product} {ergonomic}
   size_t SoftMaxHeapSize                          = 1073741824                             {manageable} {ergonomic}
     bool UseCompressedClassPointers               = true                           {product lp64_product} {ergonomic}
     bool UseCompressedOops                        = true                           {product lp64_product} {ergonomic}
     bool UseLargePagesIndividualAllocation        = false                                  {pd product} {ergonomic}
     bool UseParallelGC                            = true                                      {product} {command line}

Logging:
Log output configuration:
 #0: stdout all=off uptime,level,tags
 #1: stderr all=off uptime,level,tags

Environment Variables:
PATH=C:\Program Files\Python311\Scripts\;C:\Program Files\Python311\;C:\Program Files (x86)\Common Files\Intel\Shared Libraries\redist\intel64\compiler;C:\Program Files (x86)\Common Files\Oracle\Java\javapath;C:\ProgramData\Oracle\Java\javapath;C:\WINDOWS\system32;C:\WINDOWS;C:\WINDOWS\System32\Wbem;C:\WINDOWS\System32\WindowsPowerShell\v1.0\;C:\WINDOWS\System32\OpenSSH\;C:\Program Files\7-Zip;c:\program files\d3dgear;c:\program files\d3dgear;C:\Program Files (x86)\Autodesk\Backburner\;C:\Program Files (x86)\Common Files\Autodesk Shared\;C:\Program Files\Common Files\Autodesk Shared\;C:\Program Files\Git\cmd;C:\Program Files\dotnet\;C:\Users\Hp\AppData\Local\Programs\Python\Python310\Scripts\;C:\Users\Hp\AppData\Local\Programs\Python\Python310\;C:\Users\Hp\AppData\Local\Microsoft\WindowsApps;;C:\Users\Hp\AppData\Local\Programs\Microsoft VS Code\bin;C:\Users\Hp\.dotnet\tools;D:\Games\jb\IntelliJ IDEA 2022.3.2\bin;;D:\Games\ci\IntelliJ IDEA Community Edition 2022.3.2\bin;
USERNAME=Hp
OS=Windows_NT
PROCESSOR_IDENTIFIER=Intel64 Family 6 Model 142 Stepping 10, GenuineIntel
TMP=C:\Users\Hp\AppData\Local\Temp
TEMP=C:\Users\Hp\AppData\Local\Temp



---------------  S Y S T E M  ---------------

OS:
 Windows 10 , 64 bit Build 19041 (10.0.19041.2788)
OS uptime: 13 days 19:03 hours

CPU: total 8 (initial active 8) (4 cores per cpu, 2 threads per core) family 6 model 142 stepping 10 microcode 0xb4, cx8, cmov, fxsr, ht, mmx, 3dnowpref, sse, sse2, sse3, ssse3, sse4.1, sse4.2, popcnt, lzcnt, tsc, tscinvbit, avx, avx2, aes, erms, clmul, bmi1, bmi2, adx, fma, vzeroupper, clflush, clflushopt

Memory: 4k page, system-wide physical 8048M (478M free)
TotalPageFile size 9960M (AvailPageFile size 5M)
current process WorkingSet (physical memory assigned to process): 624M, peak: 716M
current process commit charge ("private bytes"): 637M, peak: 985M

vm_info: OpenJDK 64-Bit Server VM (17.0.6+10) for windows-amd64 JRE (17.0.6+10), built on Jan 18 2023 10:08:59 by "temurin" with MS VC++ 16.7 (VS2019)

END.
