#
# There is insufficient memory for the Java Runtime Environment to continue.
# Native memory allocation (malloc) failed to allocate 62576 bytes for Chunk::new
# Possible reasons:
#   The system is out of physical RAM or swap space
#   The process is running with CompressedOops enabled, and the Java Heap may be blocking the growth of the native heap
# Possible solutions:
#   Reduce memory load on the system
#   Increase physical memory or swap space
#   Check if swap backing store is full
#   Decrease Java heap size (-Xmx/-Xms)
#   Decrease number of Java threads
#   Decrease Java thread stack sizes (-Xss)
#   Set larger code cache with -XX:ReservedCodeCacheSize=
#   JVM is running with Unscaled Compressed Oops mode in which the Java heap is
#     placed in the first 4GB address space. The Java Heap base address is the
#     maximum limit for the native heap growth. Please use -XX:HeapBaseMinAddress
#     to set the Java Heap base and to place the Java Heap above 4GB virtual address.
# This output file may be truncated or incomplete.
#
#  Out of Memory Error (arena.cpp:189), pid=14612, tid=13316
#
# JRE version: OpenJDK Runtime Environment Temurin-17.0.6+10 (17.0.6+10) (build 17.0.6+10)
# Java VM: OpenJDK 64-Bit Server VM Temurin-17.0.6+10 (17.0.6+10, mixed mode, tiered, compressed oops, compressed class ptrs, parallel gc, windows-amd64)
# No core dump will be written. Minidumps are not enabled by default on client versions of Windows
#

---------------  S U M M A R Y ------------

Command Line: --add-modules=ALL-SYSTEM --add-opens=java.base/java.util=ALL-UNNAMED --add-opens=java.base/java.lang=ALL-UNNAMED --add-opens=java.base/sun.nio.fs=ALL-UNNAMED -Declipse.application=org.eclipse.jdt.ls.core.id1 -Dosgi.bundles.defaultStartLevel=4 -Declipse.product=org.eclipse.jdt.ls.core.product -Djava.import.generatesMetadataFilesAtProjectRoot=false -Dfile.encoding=utf8 -XX:+UseParallelGC -XX:GCTimeRatio=4 -XX:AdaptiveSizePolicyWeight=90 -Dsun.zip.disableMemoryMapping=true -Xmx1G -Xms100m -Xlog:disable -javaagent:c:\Users\Hp\.vscode\extensions\redhat.java-1.16.0-win32-x64\lombok\lombok-1.18.24.jar c:\Users\Hp\.vscode\extensions\redhat.java-1.16.0-win32-x64\server\plugins\org.eclipse.equinox.launcher_1.6.400.v20210924-0641.jar -configuration c:\Users\Hp\AppData\Roaming\Code\User\globalStorage\redhat.java\1.16.0\config_ss_win -data c:\Users\Hp\AppData\Roaming\Code\User\workspaceStorage\7a04cb3f9b4011d13d02e1bdd4c00f87\redhat.java\ss_ws

Host: Intel(R) Core(TM) i5-8250U CPU @ 1.60GHz, 8 cores, 7G,  Windows 10 , 64 bit Build 19041 (10.0.19041.2788)
Time: Sun Apr 30 13:34:06 2023 RTZ 2 (s 10 , 64 bit Build 19041 (10.0.19041.2788) elapsed time: 2.125048 seconds (0d 0h 0m 2s)

---------------  T H R E A D  ---------------

Current thread (0x000001bb38284540):  JavaThread "C2 CompilerThread0" daemon [_thread_in_native, id=13316, stack(0x000000b267f00000,0x000000b268000000)]


Current CompileTask:
C2:   2125 1339       4       java.lang.String::startsWith (138 bytes)

Stack: [0x000000b267f00000,0x000000b268000000]
Native frames: (J=compiled Java code, j=interpreted, Vv=VM code, C=native code)
V  [jvm.dll+0x67741a]
V  [jvm.dll+0x834434]
V  [jvm.dll+0x835bde]
V  [jvm.dll+0x836243]
V  [jvm.dll+0x2457b5]
V  [jvm.dll+0xabafc]
V  [jvm.dll+0xac0cc]
V  [jvm.dll+0x363492]
V  [jvm.dll+0x32dda1]
V  [jvm.dll+0x32d24a]
V  [jvm.dll+0x2185f1]
V  [jvm.dll+0x217a11]
V  [jvm.dll+0x1a3d0d]
V  [jvm.dll+0x22742a]
V  [jvm.dll+0x225565]
V  [jvm.dll+0x7ea2cb]
V  [jvm.dll+0x7e483a]
V  [jvm.dll+0x6762c5]
C  [ucrtbase.dll+0x21bb2]
C  [KERNEL32.DLL+0x17604]
C  [ntdll.dll+0x526a1]


---------------  P R O C E S S  ---------------

Threads class SMR info:
_java_thread_list=0x000001bb3a6e8890, length=15, elements={
0x000001bb22885800, 0x000001bb36703610, 0x000001bb36704aa0, 0x000001bb3824c2b0,
0x000001bb3824ce60, 0x000001bb3824e3c0, 0x000001bb3670cb70, 0x000001bb38284540,
0x000001bb38284fe0, 0x000001bb3828e5b0, 0x000001bb3670d040, 0x000001bb3670a9c0,
0x000001bb3925d100, 0x000001bb3925d610, 0x000001bb3670b830
}

Java Threads: ( => current thread )
  0x000001bb22885800 JavaThread "main" [_thread_in_native, id=13692, stack(0x000000b267600000,0x000000b267700000)]
  0x000001bb36703610 JavaThread "Reference Handler" daemon [_thread_blocked, id=11524, stack(0x000000b267900000,0x000000b267a00000)]
  0x000001bb36704aa0 JavaThread "Finalizer" daemon [_thread_blocked, id=5224, stack(0x000000b267a00000,0x000000b267b00000)]
  0x000001bb3824c2b0 JavaThread "Signal Dispatcher" daemon [_thread_blocked, id=18116, stack(0x000000b267b00000,0x000000b267c00000)]
  0x000001bb3824ce60 JavaThread "Attach Listener" daemon [_thread_blocked, id=1932, stack(0x000000b267c00000,0x000000b267d00000)]
  0x000001bb3824e3c0 JavaThread "Service Thread" daemon [_thread_blocked, id=11504, stack(0x000000b267d00000,0x000000b267e00000)]
  0x000001bb3670cb70 JavaThread "Monitor Deflation Thread" daemon [_thread_blocked, id=3008, stack(0x000000b267e00000,0x000000b267f00000)]
=>0x000001bb38284540 JavaThread "C2 CompilerThread0" daemon [_thread_in_native, id=13316, stack(0x000000b267f00000,0x000000b268000000)]
  0x000001bb38284fe0 JavaThread "C1 CompilerThread0" daemon [_thread_blocked, id=10796, stack(0x000000b268000000,0x000000b268100000)]
  0x000001bb3828e5b0 JavaThread "Sweeper thread" daemon [_thread_blocked, id=6724, stack(0x000000b268100000,0x000000b268200000)]
  0x000001bb3670d040 JavaThread "Common-Cleaner" daemon [_thread_blocked, id=1572, stack(0x000000b268200000,0x000000b268300000)]
  0x000001bb3670a9c0 JavaThread "Notification Thread" daemon [_thread_blocked, id=552, stack(0x000000b268300000,0x000000b268400000)]
  0x000001bb3925d100 JavaThread "C2 CompilerThread1" daemon [_thread_blocked, id=1464, stack(0x000000b268b00000,0x000000b268c00000)]
  0x000001bb3925d610 JavaThread "C2 CompilerThread2" daemon [_thread_in_native, id=3624, stack(0x000000b268c00000,0x000000b268d00000)]
  0x000001bb3670b830 JavaThread "Active Thread: Equinox Container: cc00bf37-b3dc-4c84-9fbe-ce8490d12f5d" [_thread_blocked, id=19596, stack(0x000000b268d00000,0x000000b268e00000)]

Other Threads:
  0x000001bb366f0520 VMThread "VM Thread" [stack: 0x000000b267800000,0x000000b267900000] [id=10352]
  0x000001bb384d3f50 WatcherThread [stack: 0x000000b268400000,0x000000b268500000] [id=16528]
  0x000001bb22899d90 GCTaskThread "GC Thread#0" [stack: 0x000000b267700000,0x000000b267800000] [id=14012]
  0x000001bb3a5989a0 GCTaskThread "GC Thread#1" [stack: 0x000000b268500000,0x000000b268600000] [id=7520]
  0x000001bb3a518020 GCTaskThread "GC Thread#2" [stack: 0x000000b268600000,0x000000b268700000] [id=10592]
  0x000001bb3a5182d0 GCTaskThread "GC Thread#3" [stack: 0x000000b268700000,0x000000b268800000] [id=16652]
  0x000001bb3a518580 GCTaskThread "GC Thread#4" [stack: 0x000000b268800000,0x000000b268900000] [id=18572]
  0x000001bb3a518830 GCTaskThread "GC Thread#5" [stack: 0x000000b268900000,0x000000b268a00000] [id=18576]
  0x000001bb3a518ae0 GCTaskThread "GC Thread#6" [stack: 0x000000b268a00000,0x000000b268b00000] [id=9848]

Threads with active compile tasks:
C2 CompilerThread0     2174 1339       4       java.lang.String::startsWith (138 bytes)
C1 CompilerThread0     2174 1371       3       java.net.URL::isValidProtocol (78 bytes)
C2 CompilerThread2     2174 1365       4       java.lang.String::startsWith (7 bytes)

VM state: not at safepoint (normal execution)

VM Mutex/Monitor currently owned by a thread: None

Heap address: 0x00000000c0000000, size: 1024 MB, Compressed Oops mode: 32-bit

CDS archive(s) not mapped
Compressed class space mapped at: 0x0000000100000000-0x0000000140000000, reserved size: 1073741824
Narrow klass base: 0x0000000000000000, Narrow klass shift: 3, Narrow klass range: 0x140000000

GC Precious Log:
 CPUs: 8 total, 8 available
 Memory: 8048M
 Large Page Support: Disabled
 NUMA Support: Disabled
 Compressed Oops: Enabled (32-bit)
 Alignments: Space 512K, Generation 512K, Heap 2M
 Heap Min Capacity: 100M
 Heap Initial Capacity: 100M
 Heap Max Capacity: 1G
 Pre-touch: Disabled
 Parallel Workers: 8

Heap:
 PSYoungGen      total 29696K, used 19898K [0x00000000eab00000, 0x00000000ecc00000, 0x0000000100000000)
  eden space 25600K, 65% used [0x00000000eab00000,0x00000000ebb446a8,0x00000000ec400000)
  from space 4096K, 79% used [0x00000000ec400000,0x00000000ec72a208,0x00000000ec800000)
  to   space 4096K, 0% used [0x00000000ec800000,0x00000000ec800000,0x00000000ecc00000)
 ParOldGen       total 68608K, used 16K [0x00000000c0000000, 0x00000000c4300000, 0x00000000eab00000)
  object space 68608K, 0% used [0x00000000c0000000,0x00000000c0004000,0x00000000c4300000)
 Metaspace       used 13629K, committed 13888K, reserved 1064960K
  class space    used 1346K, committed 1472K, reserved 1048576K

Card table byte_map: [0x000001bb22230000,0x000001bb22440000] _byte_map_base: 0x000001bb21c30000

Marking Bits: (ParMarkBitMap*) 0x00007ffdc40b3e70
 Begin Bits: [0x000001bb34510000, 0x000001bb35510000)
 End Bits:   [0x000001bb35510000, 0x000001bb36510000)

Polling page: 0x000001bb207c0000

Metaspace:

Usage:
  Non-class:     12.00 MB used.
      Class:      1.31 MB used.
       Both:     13.31 MB used.

Virtual space:
  Non-class space:       16.00 MB reserved,      12.12 MB ( 76%) committed,  2 nodes.
      Class space:        1.00 GB reserved,       1.44 MB ( <1%) committed,  1 nodes.
             Both:        1.02 GB reserved,      13.56 MB (  1%) committed. 

Chunk freelists:
   Non-Class:  3.36 MB
       Class:  2.48 MB
        Both:  5.84 MB

MaxMetaspaceSize: unlimited
CompressedClassSpaceSize: 1.00 GB
Initial GC threshold: 21.00 MB
Current GC threshold: 21.00 MB
CDS: off
MetaspaceReclaimPolicy: balanced
 - commit_granule_bytes: 65536.
 - commit_granule_words: 8192.
 - virtual_space_node_default_size: 1048576.
 - enlarge_chunks_in_place: 1.
 - new_chunks_are_fully_committed: 0.
 - uncommit_free_chunks: 1.
 - use_allocation_guard: 0.
 - handle_deallocations: 1.


Internal statistics:

num_allocs_failed_limit: 0.
num_arena_births: 56.
num_arena_deaths: 0.
num_vsnodes_births: 3.
num_vsnodes_deaths: 0.
num_space_committed: 217.
num_space_uncommitted: 0.
num_chunks_returned_to_freelist: 0.
num_chunks_taken_from_freelist: 211.
num_chunk_merges: 0.
num_chunk_splits: 146.
num_chunks_enlarged: 121.
num_purges: 0.
num_inconsistent_stats: 0.

CodeHeap 'non-profiled nmethods': size=120000Kb used=549Kb max_used=549Kb free=119450Kb
 bounds [0x000001bb2cfe0000, 0x000001bb2d250000, 0x000001bb34510000]
CodeHeap 'profiled nmethods': size=120000Kb used=2524Kb max_used=2524Kb free=117475Kb
 bounds [0x000001bb25510000, 0x000001bb25790000, 0x000001bb2ca40000]
CodeHeap 'non-nmethods': size=5760Kb used=1161Kb max_used=1199Kb free=4598Kb
 bounds [0x000001bb2ca40000, 0x000001bb2ccb0000, 0x000001bb2cfe0000]
 total_blobs=1823 nmethods=1372 adapters=365
 compilation: enabled
              stopped_count=0, restarted_count=0
 full_count=0

Compilation events (20 events):
Event: 2.105 Thread 0x000001bb38284fe0 nmethod 1330 0x000001bb2576ff10 code [0x000001bb257700e0, 0x000001bb25770538]
Event: 2.105 Thread 0x000001bb38284fe0 1331       3       java.lang.ThreadLocal::getMap (5 bytes)
Event: 2.105 Thread 0x000001bb38284fe0 nmethod 1331 0x000001bb25770690 code [0x000001bb25770820, 0x000001bb25770938]
Event: 2.105 Thread 0x000001bb38284fe0 1332       3       sun.security.util.DerValue::subs (75 bytes)
Event: 2.106 Thread 0x000001bb38284fe0 nmethod 1332 0x000001bb25770a10 code [0x000001bb25770c60, 0x000001bb25771618]
Event: 2.107 Thread 0x000001bb38284fe0 1333       3       java.math.BigInteger::implSquareToLen (154 bytes)
Event: 2.107 Thread 0x000001bb38284fe0 nmethod 1333 0x000001bb25771a10 code [0x000001bb25771c00, 0x000001bb257720a8]
Event: 2.107 Thread 0x000001bb38284fe0 1334       3       java.math.BigInteger::shiftLeftImplWorker (43 bytes)
Event: 2.108 Thread 0x000001bb38284fe0 nmethod 1334 0x000001bb25772410 code [0x000001bb257725c0, 0x000001bb257727f8]
Event: 2.109 Thread 0x000001bb38284fe0 1335       3       sun.security.util.DerInputStream::getOID (8 bytes)
Event: 2.109 Thread 0x000001bb38284fe0 nmethod 1335 0x000001bb25772990 code [0x000001bb25772b40, 0x000001bb25772cd8]
Event: 2.109 Thread 0x000001bb3925d610 1336 %     4       sun.security.provider.SHA5::implCompress0 @ 157 (346 bytes)
Event: 2.113 Thread 0x000001bb38284fe0 1337       3       java.math.BigInteger::bitLength (140 bytes)
Event: 2.113 Thread 0x000001bb38284540 1339       4       java.lang.String::startsWith (138 bytes)
Event: 2.114 Thread 0x000001bb38284fe0 nmethod 1337 0x000001bb25772e10 code [0x000001bb25773000, 0x000001bb25773558]
Event: 2.114 Thread 0x000001bb38284fe0 1338       3       java.util.regex.Pattern$SliceI::match (96 bytes)
Event: 2.115 Thread 0x000001bb38284fe0 nmethod 1338 0x000001bb25773790 code [0x000001bb25773980, 0x000001bb25773fd8]
Event: 2.122 Thread 0x000001bb38284fe0 1341       3       java.security.MessageDigest$Delegate$CloneableDelegate::<init> (8 bytes)
Event: 2.123 Thread 0x000001bb38284fe0 nmethod 1341 0x000001bb25774210 code [0x000001bb257743c0, 0x000001bb25774698]
Event: 2.123 Thread 0x000001bb38284fe0 1342       3       java.security.MessageDigest$Delegate::<init> (12 bytes)

GC Heap History (2 events):
Event: 1.661 GC heap before
{Heap before GC invocations=1 (full 0):
 PSYoungGen      total 29696K, used 25600K [0x00000000eab00000, 0x00000000ecc00000, 0x0000000100000000)
  eden space 25600K, 100% used [0x00000000eab00000,0x00000000ec400000,0x00000000ec400000)
  from space 4096K, 0% used [0x00000000ec800000,0x00000000ec800000,0x00000000ecc00000)
  to   space 4096K, 0% used [0x00000000ec400000,0x00000000ec400000,0x00000000ec800000)
 ParOldGen       total 68608K, used 0K [0x00000000c0000000, 0x00000000c4300000, 0x00000000eab00000)
  object space 68608K, 0% used [0x00000000c0000000,0x00000000c0000000,0x00000000c4300000)
 Metaspace       used 11149K, committed 11328K, reserved 1064960K
  class space    used 1109K, committed 1216K, reserved 1048576K
}
Event: 1.672 GC heap after
{Heap after GC invocations=1 (full 0):
 PSYoungGen      total 29696K, used 3240K [0x00000000eab00000, 0x00000000ecc00000, 0x0000000100000000)
  eden space 25600K, 0% used [0x00000000eab00000,0x00000000eab00000,0x00000000ec400000)
  from space 4096K, 79% used [0x00000000ec400000,0x00000000ec72a208,0x00000000ec800000)
  to   space 4096K, 0% used [0x00000000ec800000,0x00000000ec800000,0x00000000ecc00000)
 ParOldGen       total 68608K, used 16K [0x00000000c0000000, 0x00000000c4300000, 0x00000000eab00000)
  object space 68608K, 0% used [0x00000000c0000000,0x00000000c0004000,0x00000000c4300000)
 Metaspace       used 11149K, committed 11328K, reserved 1064960K
  class space    used 1109K, committed 1216K, reserved 1048576K
}

Dll operation events (8 events):
Event: 0.011 Loaded shared library c:\Users\Hp\.vscode\extensions\redhat.java-1.16.0-win32-x64\jre\17.0.6-win32-x86_64\bin\java.dll
Event: 0.201 Loaded shared library c:\Users\Hp\.vscode\extensions\redhat.java-1.16.0-win32-x64\jre\17.0.6-win32-x86_64\bin\zip.dll
Event: 0.208 Loaded shared library C:\Users\Hp\.vscode\extensions\redhat.java-1.16.0-win32-x64\jre\17.0.6-win32-x86_64\bin\instrument.dll
Event: 0.237 Loaded shared library C:\Users\Hp\.vscode\extensions\redhat.java-1.16.0-win32-x64\jre\17.0.6-win32-x86_64\bin\net.dll
Event: 0.246 Loaded shared library C:\Users\Hp\.vscode\extensions\redhat.java-1.16.0-win32-x64\jre\17.0.6-win32-x86_64\bin\nio.dll
Event: 0.261 Loaded shared library C:\Users\Hp\.vscode\extensions\redhat.java-1.16.0-win32-x64\jre\17.0.6-win32-x86_64\bin\zip.dll
Event: 0.339 Loaded shared library C:\Users\Hp\.vscode\extensions\redhat.java-1.16.0-win32-x64\jre\17.0.6-win32-x86_64\bin\jimage.dll
Event: 0.483 Loaded shared library c:\Users\Hp\.vscode\extensions\redhat.java-1.16.0-win32-x64\jre\17.0.6-win32-x86_64\bin\verify.dll

Deoptimization events (20 events):
Event: 1.523 Thread 0x000001bb22885800 Uncommon trap: trap_request=0xffffff45 fr.pc=0x000001bb2d035418 relative=0x0000000000000098
Event: 1.523 Thread 0x000001bb22885800 Uncommon trap: reason=unstable_if action=reinterpret pc=0x000001bb2d035418 method=java.util.HashMap.hash(Ljava/lang/Object;)I @ 1 c2
Event: 1.523 Thread 0x000001bb22885800 DEOPT PACKING pc=0x000001bb2d035418 sp=0x000000b2676fe060
Event: 1.523 Thread 0x000001bb22885800 DEOPT UNPACKING pc=0x000001bb2ca966a3 sp=0x000000b2676fdff8 mode 2
Event: 1.743 Thread 0x000001bb22885800 Uncommon trap: trap_request=0xffffff45 fr.pc=0x000001bb2d017048 relative=0x0000000000000c28
Event: 1.743 Thread 0x000001bb22885800 Uncommon trap: reason=unstable_if action=reinterpret pc=0x000001bb2d017048 method=lombok.patcher.PatchScript.classMatches(Ljava/lang/String;Ljava/util/Collection;)Z @ 25 c2
Event: 1.743 Thread 0x000001bb22885800 DEOPT PACKING pc=0x000001bb2d017048 sp=0x000000b2676f8350
Event: 1.743 Thread 0x000001bb22885800 DEOPT UNPACKING pc=0x000001bb2ca966a3 sp=0x000000b2676f82a8 mode 2
Event: 1.921 Thread 0x000001bb22885800 Uncommon trap: trap_request=0xffffff45 fr.pc=0x000001bb2d026a84 relative=0x00000000000002c4
Event: 1.921 Thread 0x000001bb22885800 Uncommon trap: reason=unstable_if action=reinterpret pc=0x000001bb2d026a84 method=java.lang.invoke.VarHandle.checkExactAccessMode(Ljava/lang/invoke/VarHandle$AccessDescriptor;)V @ 4 c2
Event: 1.921 Thread 0x000001bb22885800 DEOPT PACKING pc=0x000001bb2d026a84 sp=0x000000b2676fe1c0
Event: 1.921 Thread 0x000001bb22885800 DEOPT UNPACKING pc=0x000001bb2ca966a3 sp=0x000000b2676fe190 mode 2
Event: 2.053 Thread 0x000001bb22885800 Uncommon trap: trap_request=0xffffffde fr.pc=0x000001bb2d0471a0 relative=0x0000000000000960
Event: 2.053 Thread 0x000001bb22885800 Uncommon trap: reason=class_check action=maybe_recompile pc=0x000001bb2d0471a0 method=java.util.HashMap.putVal(ILjava/lang/Object;Ljava/lang/Object;ZZ)Ljava/lang/Object; @ 253 c2
Event: 2.053 Thread 0x000001bb22885800 DEOPT PACKING pc=0x000001bb2d0471a0 sp=0x000000b2676fdc50
Event: 2.053 Thread 0x000001bb22885800 DEOPT UNPACKING pc=0x000001bb2ca966a3 sp=0x000000b2676fdbd0 mode 2
Event: 2.056 Thread 0x000001bb22885800 Uncommon trap: trap_request=0xffffffde fr.pc=0x000001bb2d0471a0 relative=0x0000000000000960
Event: 2.056 Thread 0x000001bb22885800 Uncommon trap: reason=class_check action=maybe_recompile pc=0x000001bb2d0471a0 method=java.util.HashMap.putVal(ILjava/lang/Object;Ljava/lang/Object;ZZ)Ljava/lang/Object; @ 253 c2
Event: 2.056 Thread 0x000001bb22885800 DEOPT PACKING pc=0x000001bb2d0471a0 sp=0x000000b2676fdc50
Event: 2.056 Thread 0x000001bb22885800 DEOPT UNPACKING pc=0x000001bb2ca966a3 sp=0x000000b2676fdbd0 mode 2

Classes unloaded (0 events):
No events

Classes redefined (0 events):
No events

Internal exceptions (20 events):
Event: 1.093 Thread 0x000001bb22885800 Exception <a 'java/io/FileNotFoundException'{0x00000000eb789a38}> (0x00000000eb789a38) 
thrown [s\src\hotspot\share\prims\jni.cpp, line 516]
Event: 1.094 Thread 0x000001bb22885800 Exception <a 'java/io/FileNotFoundException'{0x00000000eb78abe0}> (0x00000000eb78abe0) 
thrown [s\src\hotspot\share\prims\jni.cpp, line 516]
Event: 1.094 Thread 0x000001bb22885800 Exception <a 'java/io/FileNotFoundException'{0x00000000eb78bd80}> (0x00000000eb78bd80) 
thrown [s\src\hotspot\share\prims\jni.cpp, line 516]
Event: 1.118 Thread 0x000001bb22885800 Exception <a 'java/io/FileNotFoundException'{0x00000000eb7cb668}> (0x00000000eb7cb668) 
thrown [s\src\hotspot\share\prims\jni.cpp, line 516]
Event: 1.444 Thread 0x000001bb22885800 Exception <a 'java/lang/ClassNotFoundException'{0x00000000ebfbe670}: sun/net/www/protocol/c/Handler> (0x00000000ebfbe670) 
thrown [s\src\hotspot\share\classfile\systemDictionary.cpp, line 256]
Event: 1.445 Thread 0x000001bb22885800 Exception <a 'java/lang/ClassNotFoundException'{0x00000000ebfbfa20}: sun/net/www/protocol/c/Handler> (0x00000000ebfbfa20) 
thrown [s\src\hotspot\share\classfile\systemDictionary.cpp, line 256]
Event: 1.446 Thread 0x000001bb22885800 Exception <a 'java/lang/ClassNotFoundException'{0x00000000ebfc0d68}: sun/net/www/protocol/c/Handler> (0x00000000ebfc0d68) 
thrown [s\src\hotspot\share\classfile\systemDictionary.cpp, line 256]
Event: 1.461 Thread 0x000001bb22885800 Exception <a 'java/io/FileNotFoundException'{0x00000000ebfdfb18}> (0x00000000ebfdfb18) 
thrown [s\src\hotspot\share\prims\jni.cpp, line 516]
Event: 1.522 Thread 0x000001bb22885800 Implicit null exception at 0x000001bb2d035d80 to 0x000001bb2d0367d4
Event: 1.523 Thread 0x000001bb22885800 Implicit null exception at 0x000001bb2d02e86c to 0x000001bb2d02ea6c
Event: 1.523 Thread 0x000001bb22885800 Implicit null exception at 0x000001bb2d02010c to 0x000001bb2d020348
Event: 1.523 Thread 0x000001bb22885800 Implicit null exception at 0x000001bb2d03538f to 0x000001bb2d035409
Event: 1.603 Thread 0x000001bb22885800 Exception <a 'java/lang/NoSuchMethodError'{0x00000000ec2a9fa8}: 'int java.lang.invoke.DirectMethodHandle$Holder.invokeStaticInit(java.lang.Object, java.lang.Object, java.lang.Object, java.lang.Object)'> (0x00000000ec2a9fa8) 
thrown [s\src\hotspot\share\interpreter\linkResolver.cpp, line 759]
Event: 1.605 Thread 0x000001bb22885800 Exception <a 'java/lang/NoSuchMethodError'{0x00000000ec2b4618}: 'java.lang.Object java.lang.invoke.DirectMethodHandle$Holder.invokeInterface(java.lang.Object, java.lang.Object)'> (0x00000000ec2b4618) 
thrown [s\src\hotspot\share\interpreter\linkResolver.cpp, line 759]
Event: 1.606 Thread 0x000001bb22885800 Exception <a 'java/lang/IncompatibleClassChangeError'{0x00000000ec2b7e10}: Found class java.lang.Object, but interface was expected> (0x00000000ec2b7e10) 
thrown [s\src\hotspot\share\interpreter\linkResolver.cpp, line 826]
Event: 1.607 Thread 0x000001bb22885800 Exception <a 'java/lang/NoSuchMethodError'{0x00000000ec2bc308}: 'void java.lang.invoke.DirectMethodHandle$Holder.invokeStatic(java.lang.Object, java.lang.Object)'> (0x00000000ec2bc308) 
thrown [s\src\hotspot\share\interpreter\linkResolver.cpp, line 759]
Event: 1.607 Thread 0x000001bb22885800 Exception <a 'java/lang/NoSuchMethodError'{0x00000000ec2bfb08}: 'void java.lang.invoke.DirectMethodHandle$Holder.invokeStaticInit(java.lang.Object, java.lang.Object)'> (0x00000000ec2bfb08) 
thrown [s\src\hotspot\share\interpreter\linkResolver.cpp, line 759]
Event: 1.609 Thread 0x000001bb22885800 Exception <a 'java/lang/NoSuchMethodError'{0x00000000ec2c6f20}: 'int java.lang.invoke.DirectMethodHandle$Holder.invokeStaticInit(java.lang.Object, java.lang.Object)'> (0x00000000ec2c6f20) 
thrown [s\src\hotspot\share\interpreter\linkResolver.cpp, line 759]
Event: 1.658 Thread 0x000001bb22885800 Exception <a 'java/lang/NoSuchMethodError'{0x00000000ec3ec358}: 'void java.lang.invoke.DirectMethodHandle$Holder.invokeSpecial(java.lang.Object, java.lang.Object, java.lang.Object)'> (0x00000000ec3ec358) 
thrown [s\src\hotspot\share\interpreter\linkResolver.cpp, line 759]
Event: 2.028 Thread 0x000001bb22885800 Exception <a 'java/lang/NoSuchMethodError'{0x00000000eb6efa78}: 'java.lang.Object java.lang.invoke.DirectMethodHandle$Holder.newInvokeSpecial(java.lang.Object, int, java.lang.Object)'> (0x00000000eb6efa78) 
thrown [s\src\hotspot\share\interpreter\linkResolver.cpp, line 759]

VM Operations (20 events):
Event: 0.388 Executing VM operation: HandshakeAllThreads
Event: 0.388 Executing VM operation: HandshakeAllThreads done
Event: 1.029 Executing VM operation: HandshakeAllThreads
Event: 1.030 Executing VM operation: HandshakeAllThreads done
Event: 1.071 Executing VM operation: HandshakeAllThreads
Event: 1.071 Executing VM operation: HandshakeAllThreads done
Event: 1.071 Executing VM operation: Cleanup
Event: 1.071 Executing VM operation: Cleanup done
Event: 1.415 Executing VM operation: HandshakeAllThreads
Event: 1.415 Executing VM operation: HandshakeAllThreads done
Event: 1.661 Executing VM operation: ParallelGCFailedAllocation
Event: 1.672 Executing VM operation: ParallelGCFailedAllocation done
Event: 1.960 Executing VM operation: HandshakeAllThreads
Event: 1.960 Executing VM operation: HandshakeAllThreads done
Event: 1.961 Executing VM operation: HandshakeAllThreads
Event: 1.961 Executing VM operation: HandshakeAllThreads done
Event: 1.977 Executing VM operation: HandshakeAllThreads
Event: 1.977 Executing VM operation: HandshakeAllThreads done
Event: 2.004 Executing VM operation: HandshakeAllThreads
Event: 2.005 Executing VM operation: HandshakeAllThreads done

Events (20 events):
Event: 1.952 loading class java/util/concurrent/ForkJoinPool$DefaultCommonPoolForkJoinWorkerThreadFactory
Event: 1.952 loading class java/util/concurrent/ForkJoinPool$DefaultCommonPoolForkJoinWorkerThreadFactory done
Event: 1.953 loading class java/util/concurrent/ForkJoinPool$WorkQueue
Event: 1.953 loading class java/util/concurrent/ForkJoinPool$WorkQueue done
Event: 1.953 loading class java/util/concurrent/ForkJoinWorkerThread
Event: 1.953 loading class java/util/concurrent/ForkJoinWorkerThread done
Event: 1.977 loading class java/util/ArrayList$ListItr
Event: 1.977 loading class java/util/ArrayList$ListItr done
Event: 2.004 loading class java/util/LinkedList
Event: 2.004 loading class java/util/AbstractSequentialList
Event: 2.004 loading class java/util/AbstractSequentialList done
Event: 2.004 loading class java/util/LinkedList done
Event: 2.055 loading class java/util/ConcurrentModificationException
Event: 2.056 loading class java/util/ConcurrentModificationException done
Event: 2.061 loading class java/net/ContentHandlerFactory
Event: 2.061 loading class java/net/ContentHandlerFactory done
Event: 2.066 loading class java/net/ContentHandler
Event: 2.066 loading class java/net/ContentHandler done
Event: 2.099 loading class java/security/KeyStoreException
Event: 2.099 loading class java/security/KeyStoreException done


Dynamic libraries:
0x00007ff6ca4d0000 - 0x00007ff6ca4de000 	c:\Users\Hp\.vscode\extensions\redhat.java-1.16.0-win32-x64\jre\17.0.6-win32-x86_64\bin\java.exe
0x00007ffe138f0000 - 0x00007ffe13ae8000 	C:\WINDOWS\SYSTEM32\ntdll.dll
0x00007ffdddd20000 - 0x00007ffdddd39000 	C:\Program Files\Avast Software\Avast\aswhook.dll
0x00007ffe11c00000 - 0x00007ffe11cbf000 	C:\WINDOWS\System32\KERNEL32.DLL
0x00007ffe11070000 - 0x00007ffe1134a000 	C:\WINDOWS\System32\KERNELBASE.dll
0x00007ffe11620000 - 0x00007ffe11720000 	C:\WINDOWS\System32\ucrtbase.dll
0x00007ffe0a8b0000 - 0x00007ffe0a8c7000 	c:\Users\Hp\.vscode\extensions\redhat.java-1.16.0-win32-x64\jre\17.0.6-win32-x86_64\bin\jli.dll
0x00007ffe0a300000 - 0x00007ffe0a319000 	c:\Users\Hp\.vscode\extensions\redhat.java-1.16.0-win32-x64\jre\17.0.6-win32-x86_64\bin\VCRUNTIME140.dll
0x00007ffe13100000 - 0x00007ffe1329d000 	C:\WINDOWS\System32\USER32.dll
0x00007ffe11350000 - 0x00007ffe11372000 	C:\WINDOWS\System32\win32u.dll
0x00007ffdee0d0000 - 0x00007ffdee36a000 	C:\WINDOWS\WinSxS\amd64_microsoft.windows.common-controls_6595b64144ccf1df_6.0.19041.1110_none_60b5254171f9507e\COMCTL32.dll
0x00007ffe11bd0000 - 0x00007ffe11bfb000 	C:\WINDOWS\System32\GDI32.dll
0x00007ffe13310000 - 0x00007ffe133ae000 	C:\WINDOWS\System32\msvcrt.dll
0x00007ffe11510000 - 0x00007ffe11620000 	C:\WINDOWS\System32\gdi32full.dll
0x00007ffe118b0000 - 0x00007ffe1194d000 	C:\WINDOWS\System32\msvcp_win.dll
0x00007ffe11950000 - 0x00007ffe11980000 	C:\WINDOWS\System32\IMM32.DLL
0x00007ffe0b510000 - 0x00007ffe0b51c000 	c:\Users\Hp\.vscode\extensions\redhat.java-1.16.0-win32-x64\jre\17.0.6-win32-x86_64\bin\vcruntime140_1.dll
0x00007ffdf69c0000 - 0x00007ffdf6a51000 	c:\Users\Hp\.vscode\extensions\redhat.java-1.16.0-win32-x64\jre\17.0.6-win32-x86_64\bin\msvcp140.dll
0x00007ffdc3530000 - 0x00007ffdc4177000 	c:\Users\Hp\.vscode\extensions\redhat.java-1.16.0-win32-x64\jre\17.0.6-win32-x86_64\bin\server\jvm.dll
0x00007ffe11cd0000 - 0x00007ffe11d7e000 	C:\WINDOWS\System32\ADVAPI32.dll
0x00007ffe11a60000 - 0x00007ffe11afc000 	C:\WINDOWS\System32\sechost.dll
0x00007ffe13700000 - 0x00007ffe13826000 	C:\WINDOWS\System32\RPCRT4.dll
0x00007ffdfbc00000 - 0x00007ffdfbc09000 	C:\WINDOWS\SYSTEM32\WSOCK32.dll
0x00007ffdf43d0000 - 0x00007ffdf43f7000 	C:\WINDOWS\SYSTEM32\WINMM.dll
0x00007ffe0a140000 - 0x00007ffe0a14a000 	C:\WINDOWS\SYSTEM32\VERSION.dll
0x00007ffe132a0000 - 0x00007ffe1330b000 	C:\WINDOWS\System32\WS2_32.dll
0x00007ffe0ee00000 - 0x00007ffe0ee12000 	C:\WINDOWS\SYSTEM32\kernel.appcore.dll
0x00007ffe09130000 - 0x00007ffe0913a000 	c:\Users\Hp\.vscode\extensions\redhat.java-1.16.0-win32-x64\jre\17.0.6-win32-x86_64\bin\jimage.dll
0x00007ffe06ae0000 - 0x00007ffe06cc4000 	C:\WINDOWS\SYSTEM32\DBGHELP.DLL
0x00007ffe06960000 - 0x00007ffe06994000 	C:\WINDOWS\SYSTEM32\dbgcore.DLL
0x00007ffe11720000 - 0x00007ffe117a2000 	C:\WINDOWS\System32\bcryptPrimitives.dll
0x00007ffe09120000 - 0x00007ffe0912e000 	c:\Users\Hp\.vscode\extensions\redhat.java-1.16.0-win32-x64\jre\17.0.6-win32-x86_64\bin\instrument.dll
0x00007ffe090f0000 - 0x00007ffe09115000 	c:\Users\Hp\.vscode\extensions\redhat.java-1.16.0-win32-x64\jre\17.0.6-win32-x86_64\bin\java.dll
0x00007ffe08ec0000 - 0x00007ffe08ed8000 	c:\Users\Hp\.vscode\extensions\redhat.java-1.16.0-win32-x64\jre\17.0.6-win32-x86_64\bin\zip.dll
0x00007ffe12140000 - 0x00007ffe12884000 	C:\WINDOWS\System32\SHELL32.dll
0x00007ffe0f0e0000 - 0x00007ffe0f873000 	C:\WINDOWS\SYSTEM32\windows.storage.dll
0x00007ffe11d80000 - 0x00007ffe120d4000 	C:\WINDOWS\System32\combase.dll
0x00007ffe10980000 - 0x00007ffe109ae000 	C:\WINDOWS\SYSTEM32\Wldp.dll
0x00007ffe11b20000 - 0x00007ffe11bcd000 	C:\WINDOWS\System32\SHCORE.dll
0x00007ffe136a0000 - 0x00007ffe136f5000 	C:\WINDOWS\System32\shlwapi.dll
0x00007ffe10f40000 - 0x00007ffe10f5f000 	C:\WINDOWS\SYSTEM32\profapi.dll
0x00007ffe091b0000 - 0x00007ffe091c9000 	C:\Users\Hp\.vscode\extensions\redhat.java-1.16.0-win32-x64\jre\17.0.6-win32-x86_64\bin\net.dll
0x00007ffe069a0000 - 0x00007ffe06aaa000 	C:\WINDOWS\SYSTEM32\WINHTTP.dll
0x00007ffe106e0000 - 0x00007ffe1074a000 	C:\WINDOWS\system32\mswsock.dll
0x00007ffe09190000 - 0x00007ffe091a5000 	C:\Users\Hp\.vscode\extensions\redhat.java-1.16.0-win32-x64\jre\17.0.6-win32-x86_64\bin\nio.dll
0x00007ffe0b470000 - 0x00007ffe0b480000 	c:\Users\Hp\.vscode\extensions\redhat.java-1.16.0-win32-x64\jre\17.0.6-win32-x86_64\bin\verify.dll

dbghelp: loaded successfully - version: 4.0.5 - missing functions: none
symbol engine: initialized successfully - sym options: 0x614 - pdb path: .;c:\Users\Hp\.vscode\extensions\redhat.java-1.16.0-win32-x64\jre\17.0.6-win32-x86_64\bin;C:\WINDOWS\SYSTEM32;C:\Program Files\Avast Software\Avast;C:\WINDOWS\WinSxS\amd64_microsoft.windows.common-controls_6595b64144ccf1df_6.0.19041.1110_none_60b5254171f9507e;c:\Users\Hp\.vscode\extensions\redhat.java-1.16.0-win32-x64\jre\17.0.6-win32-x86_64\bin\server

VM Arguments:
jvm_args: --add-modules=ALL-SYSTEM --add-opens=java.base/java.util=ALL-UNNAMED --add-opens=java.base/java.lang=ALL-UNNAMED --add-opens=java.base/sun.nio.fs=ALL-UNNAMED -Declipse.application=org.eclipse.jdt.ls.core.id1 -Dosgi.bundles.defaultStartLevel=4 -Declipse.product=org.eclipse.jdt.ls.core.product -Djava.import.generatesMetadataFilesAtProjectRoot=false -Dfile.encoding=utf8 -XX:+UseParallelGC -XX:GCTimeRatio=4 -XX:AdaptiveSizePolicyWeight=90 -Dsun.zip.disableMemoryMapping=true -Xmx1G -Xms100m -Xlog:disable -javaagent:c:\Users\Hp\.vscode\extensions\redhat.java-1.16.0-win32-x64\lombok\lombok-1.18.24.jar 
java_command: c:\Users\Hp\.vscode\extensions\redhat.java-1.16.0-win32-x64\server\plugins\org.eclipse.equinox.launcher_1.6.400.v20210924-0641.jar -configuration c:\Users\Hp\AppData\Roaming\Code\User\globalStorage\redhat.java\1.16.0\config_ss_win -data c:\Users\Hp\AppData\Roaming\Code\User\workspaceStorage\7a04cb3f9b4011d13d02e1bdd4c00f87\redhat.java\ss_ws
java_class_path (initial): c:\Users\Hp\.vscode\extensions\redhat.java-1.16.0-win32-x64\server\plugins\org.eclipse.equinox.launcher_1.6.400.v20210924-0641.jar
Launcher Type: SUN_STANDARD

[Global flags]
    uintx AdaptiveSizePolicyWeight                 = 90                                        {product} {command line}
     intx CICompilerCount                          = 4                                         {product} {ergonomic}
    uintx GCTimeRatio                              = 4                                         {product} {command line}
   size_t InitialHeapSize                          = 104857600                                 {product} {command line}
   size_t MaxHeapSize                              = 1073741824                                {product} {command line}
   size_t MaxNewSize                               = 357564416                                 {product} {ergonomic}
   size_t MinHeapDeltaBytes                        = 524288                                    {product} {ergonomic}
   size_t MinHeapSize                              = 104857600                                 {product} {command line}
   size_t NewSize                                  = 34603008                                  {product} {ergonomic}
    uintx NonNMethodCodeHeapSize                   = 5839372                                {pd product} {ergonomic}
    uintx NonProfiledCodeHeapSize                  = 122909434                              {pd product} {ergonomic}
   size_t OldSize                                  = 70254592                                  {product} {ergonomic}
    uintx ProfiledCodeHeapSize                     = 122909434                              {pd product} {ergonomic}
    uintx ReservedCodeCacheSize                    = 251658240                              {pd product} {ergonomic}
     bool SegmentedCodeCache                       = true                                      {product} {ergonomic}
   size_t SoftMaxHeapSize                          = 1073741824                             {manageable} {ergonomic}
     bool UseCompressedClassPointers               = true                           {product lp64_product} {ergonomic}
     bool UseCompressedOops                        = true                           {product lp64_product} {ergonomic}
     bool UseLargePagesIndividualAllocation        = false                                  {pd product} {ergonomic}
     bool UseParallelGC                            = true                                      {product} {command line}

Logging:
Log output configuration:
 #0: stdout all=off uptime,level,tags
 #1: stderr all=off uptime,level,tags

Environment Variables:
PATH=C:\Program Files\Python311\Scripts\;C:\Program Files\Python311\;C:\Program Files (x86)\Common Files\Intel\Shared Libraries\redist\intel64\compiler;C:\Program Files (x86)\Common Files\Oracle\Java\javapath;C:\ProgramData\Oracle\Java\javapath;C:\WINDOWS\system32;C:\WINDOWS;C:\WINDOWS\System32\Wbem;C:\WINDOWS\System32\WindowsPowerShell\v1.0\;C:\WINDOWS\System32\OpenSSH\;C:\Program Files\7-Zip;c:\program files\d3dgear;c:\program files\d3dgear;C:\Program Files (x86)\Autodesk\Backburner\;C:\Program Files (x86)\Common Files\Autodesk Shared\;C:\Program Files\Common Files\Autodesk Shared\;C:\Program Files\Git\cmd;C:\Program Files\dotnet\;C:\Users\Hp\AppData\Local\Programs\Python\Python310\Scripts\;C:\Users\Hp\AppData\Local\Programs\Python\Python310\;C:\Users\Hp\AppData\Local\Microsoft\WindowsApps;;C:\Users\Hp\AppData\Local\Programs\Microsoft VS Code\bin;C:\Users\Hp\.dotnet\tools;D:\Games\jb\IntelliJ IDEA 2022.3.2\bin;;D:\Games\ci\IntelliJ IDEA Community Edition 2022.3.2\bin;
USERNAME=Hp
OS=Windows_NT
PROCESSOR_IDENTIFIER=Intel64 Family 6 Model 142 Stepping 10, GenuineIntel
TMP=C:\Users\Hp\AppData\Local\Temp
TEMP=C:\Users\Hp\AppData\Local\Temp



---------------  S Y S T E M  ---------------

OS:
 Windows 10 , 64 bit Build 19041 (10.0.19041.2788)
OS uptime: 13 days 19:04 hours

CPU: total 8 (initial active 8) (4 cores per cpu, 2 threads per core) family 6 model 142 stepping 10 microcode 0xb4, cx8, cmov, fxsr, ht, mmx, 3dnowpref, sse, sse2, sse3, ssse3, sse4.1, sse4.2, popcnt, lzcnt, tsc, tscinvbit, avx, avx2, aes, erms, clmul, bmi1, bmi2, adx, fma, vzeroupper, clflush, clflushopt

Memory: 4k page, system-wide physical 8048M (774M free)
TotalPageFile size 9960M (AvailPageFile size 0M)
current process WorkingSet (physical memory assigned to process): 84M, peak: 84M
current process commit charge ("private bytes"): 206M, peak: 206M

vm_info: OpenJDK 64-Bit Server VM (17.0.6+10) for windows-amd64 JRE (17.0.6+10), built on Jan 18 2023 10:08:59 by "temurin" with MS VC++ 16.7 (VS2019)

END.
